[22-Jun-2022 16:22:22 UTC] PHP Warning:  require(/home/linuxedu/public_html/FallenXonline/public/../app/Config/Paths.php): failed to open stream: Permission denied in /home/linuxedu/public_html/FallenXonline/public/index.php on line 22
[22-Jun-2022 16:22:22 UTC] PHP Warning:  require(/home/linuxedu/public_html/FallenXonline/public/../app/Config/Paths.php): failed to open stream: Permission denied in /home/linuxedu/public_html/FallenXonline/public/index.php on line 22
[22-Jun-2022 16:22:22 UTC] PHP Fatal error:  require(): Failed opening required '/home/linuxedu/public_html/FallenXonline/public/../app/Config/Paths.php' (include_path='.:/opt/alt/php74/usr/share/pear') in /home/linuxedu/public_html/FallenXonline/public/index.php on line 22
[22-Jun-2022 16:22:23 UTC] PHP Warning:  require(/home/linuxedu/public_html/FallenXonline/public/../app/Config/Paths.php): failed to open stream: Permission denied in /home/linuxedu/public_html/FallenXonline/public/index.php on line 22
[22-Jun-2022 16:22:23 UTC] PHP Warning:  require(/home/linuxedu/public_html/FallenXonline/public/../app/Config/Paths.php): failed to open stream: Permission denied in /home/linuxedu/public_html/FallenXonline/public/index.php on line 22
[22-Jun-2022 16:22:23 UTC] PHP Fatal error:  require(): Failed opening required '/home/linuxedu/public_html/FallenXonline/public/../app/Config/Paths.php' (include_path='.:/opt/alt/php74/usr/share/pear') in /home/linuxedu/public_html/FallenXonline/public/index.php on line 22
[24-Jun-2022 17:33:39 Asia/Jakarta] PHP Fatal error:  Uncaught CodeIgniter\Format\Exceptions\FormatException: Failed to parse json string, error: "Type is not supported". in /home/linuxedu/public_html/FallenXonline/vendor/codeigniter4/framework/system/Format/JSONFormatter.php:41
Stack trace:
#0 /home/linuxedu/public_html/FallenXonline/vendor/codeigniter4/framework/system/Format/JSONFormatter.php(41): CodeIgniter\Format\Exceptions\FormatException::forInvalidJSON('Type is not sup...')
#1 /home/linuxedu/public_html/FallenXonline/vendor/codeigniter4/framework/system/API/ResponseTrait.php(341): CodeIgniter\Format\JSONFormatter->format(Array)
#2 /home/linuxedu/public_html/FallenXonline/vendor/codeigniter4/framework/system/API/ResponseTrait.php(99): CodeIgniter\Debug\Exceptions->format(Array)
#3 /home/linuxedu/public_html/FallenXonline/vendor/codeigniter4/framework/system/Debug/Exceptions.php(110): CodeIgniter\Debug\Exceptions->respond(Array, 500)
#4 [internal function]: CodeIgniter\Debug\Exceptions->exceptionHandler(Object(ErrorException))
#5 {main}
  thrown in /home/linuxedu/public_html/FallenXonline/vendor/codeigniter4/framework/system/Format/JSONFormatter.php on line 41
[24-Jun-2022 17:33:51 Asia/Jakarta] PHP Fatal error:  Uncaught CodeIgniter\Format\Exceptions\FormatException: Failed to parse json string, error: "Type is not supported". in /home/linuxedu/public_html/FallenXonline/vendor/codeigniter4/framework/system/Format/JSONFormatter.php:41
Stack trace:
#0 /home/linuxedu/public_html/FallenXonline/vendor/codeigniter4/framework/system/Format/JSONFormatter.php(41): CodeIgniter\Format\Exceptions\FormatException::forInvalidJSON('Type is not sup...')
#1 /home/linuxedu/public_html/FallenXonline/vendor/codeigniter4/framework/system/API/ResponseTrait.php(341): CodeIgniter\Format\JSONFormatter->format(Array)
#2 /home/linuxedu/public_html/FallenXonline/vendor/codeigniter4/framework/system/API/ResponseTrait.php(99): CodeIgniter\Debug\Exceptions->format(Array)
#3 /home/linuxedu/public_html/FallenXonline/vendor/codeigniter4/framework/system/Debug/Exceptions.php(110): CodeIgniter\Debug\Exceptions->respond(Array, 500)
#4 [internal function]: CodeIgniter\Debug\Exceptions->exceptionHandler(Object(ErrorException))
#5 {main}
  thrown in /home/linuxedu/public_html/FallenXonline/vendor/codeigniter4/framework/system/Format/JSONFormatter.php on line 41
[24-Jun-2022 17:36:55 Asia/Jakarta] PHP Fatal error:  Uncaught CodeIgniter\Format\Exceptions\FormatException: Failed to parse json string, error: "Type is not supported". in /home/linuxedu/public_html/FallenXonline/vendor/codeigniter4/framework/system/Format/JSONFormatter.php:41
Stack trace:
#0 /home/linuxedu/public_html/FallenXonline/vendor/codeigniter4/framework/system/Format/JSONFormatter.php(41): CodeIgniter\Format\Exceptions\FormatException::forInvalidJSON('Type is not sup...')
#1 /home/linuxedu/public_html/FallenXonline/vendor/codeigniter4/framework/system/API/ResponseTrait.php(341): CodeIgniter\Format\JSONFormatter->format(Array)
#2 /home/linuxedu/public_html/FallenXonline/vendor/codeigniter4/framework/system/API/ResponseTrait.php(99): CodeIgniter\Debug\Exceptions->format(Array)
#3 /home/linuxedu/public_html/FallenXonline/vendor/codeigniter4/framework/system/Debug/Exceptions.php(110): CodeIgniter\Debug\Exceptions->respond(Array, 500)
#4 [internal function]: CodeIgniter\Debug\Exceptions->exceptionHandler(Object(ErrorException))
#5 {main}
  thrown in /home/linuxedu/public_html/FallenXonline/vendor/codeigniter4/framework/system/Format/JSONFormatter.php on line 41
[24-Jun-2022 17:37:37 Asia/Jakarta] PHP Fatal error:  Uncaught CodeIgniter\Format\Exceptions\FormatException: Failed to parse json string, error: "Type is not supported". in /home/linuxedu/public_html/FallenXonline/vendor/codeigniter4/framework/system/Format/JSONFormatter.php:41
Stack trace:
#0 /home/linuxedu/public_html/FallenXonline/vendor/codeigniter4/framework/system/Format/JSONFormatter.php(41): CodeIgniter\Format\Exceptions\FormatException::forInvalidJSON('Type is not sup...')
#1 /home/linuxedu/public_html/FallenXonline/vendor/codeigniter4/framework/system/API/ResponseTrait.php(341): CodeIgniter\Format\JSONFormatter->format(Array)
#2 /home/linuxedu/public_html/FallenXonline/vendor/codeigniter4/framework/system/API/ResponseTrait.php(99): CodeIgniter\Debug\Exceptions->format(Array)
#3 /home/linuxedu/public_html/FallenXonline/vendor/codeigniter4/framework/system/Debug/Exceptions.php(110): CodeIgniter\Debug\Exceptions->respond(Array, 500)
#4 [internal function]: CodeIgniter\Debug\Exceptions->exceptionHandler(Object(ErrorException))
#5 {main}
  thrown in /home/linuxedu/public_html/FallenXonline/vendor/codeigniter4/framework/system/Format/JSONFormatter.php on line 41
[30-Jun-2022 17:28:44 Asia/Jakarta] PHP Fatal error:  Cannot redeclare App\Controllers\Keys::api_get_keys() in /home/fallenxt/public_html/app/Controllers/Keys.php on line 141
[30-Jun-2022 17:38:21 Asia/Jakarta] PHP Fatal error:  Cannot redeclare App\Controllers\User::alterUser() in /home/fallenxt/public_html/app/Controllers/User.php on line 130
[11-Dec-2022 05:28:20 UTC] PHP Fatal error:  Uncaught Error: Using $this when not in object context in /home/darkesp1/dark-esp-yt.tk/public/lib.php:33
Stack trace:
#0 {main}
  thrown in /home/darkesp1/dark-esp-yt.tk/public/lib.php on line 33
[11-Dec-2022 05:28:20 UTC] PHP Stack trace:
[11-Dec-2022 05:28:20 UTC] PHP   1. newrelic_exception_handler($"exception" = class Error { protected $message = 'Using $this when not in object context'; private $string = 'Error: Using $this when not in object context in /home/darkesp1/dark-esp-yt.tk/public/lib.php:33\nStack trace:\n#0 {main}'; protected $code = 0; protected $file = '/home/darkesp1/dark-esp-yt.tk/public/lib.php'; protected $line = 33; private $trace = []; private $previous = NULL; public $xdebug_message = '<tr><th align=\'left\' bgcolor=\'#f57900\' colspan="5"><span style=\'background-color: #cc0000; color: #fce94f; font-size: x-large;\'>( ! )</span> Error: Using $this when not in object context in /home/darkesp1/dark-esp-yt.tk/public/lib.php on line <i>33</i></th></tr>\n<tr><th align=\'left\' bgcolor=\'#e9b96e\' colspan=\'5\'>Call Stack</th></tr>\n<tr><th align=\'center\' bgcolor=\'#eeeeec\'>#</th><th align=\'left\' bgcolor=\'#eeeeec\'>Time</th><th align=\'left\' bgcolor=\'#eeeeec\'>Memory</th><th align=\'left\' bgcolor=\'#eeeeec\'>Funct'... }) Unknown:0
[11-Dec-2022 05:28:22 UTC] PHP Fatal error:  Uncaught Error: Using $this when not in object context in /home/darkesp1/dark-esp-yt.tk/public/lib.php:33
Stack trace:
#0 {main}
  thrown in /home/darkesp1/dark-esp-yt.tk/public/lib.php on line 33
[11-Dec-2022 05:28:22 UTC] PHP Stack trace:
[11-Dec-2022 05:28:22 UTC] PHP   1. newrelic_exception_handler($"exception" = class Error { protected $message = 'Using $this when not in object context'; private $string = 'Error: Using $this when not in object context in /home/darkesp1/dark-esp-yt.tk/public/lib.php:33\nStack trace:\n#0 {main}'; protected $code = 0; protected $file = '/home/darkesp1/dark-esp-yt.tk/public/lib.php'; protected $line = 33; private $trace = []; private $previous = NULL; public $xdebug_message = '<tr><th align=\'left\' bgcolor=\'#f57900\' colspan="5"><span style=\'background-color: #cc0000; color: #fce94f; font-size: x-large;\'>( ! )</span> Error: Using $this when not in object context in /home/darkesp1/dark-esp-yt.tk/public/lib.php on line <i>33</i></th></tr>\n<tr><th align=\'left\' bgcolor=\'#e9b96e\' colspan=\'5\'>Call Stack</th></tr>\n<tr><th align=\'center\' bgcolor=\'#eeeeec\'>#</th><th align=\'left\' bgcolor=\'#eeeeec\'>Time</th><th align=\'left\' bgcolor=\'#eeeeec\'>Memory</th><th align=\'left\' bgcolor=\'#eeeeec\'>Funct'... }) Unknown:0
[11-Dec-2022 05:28:56 UTC] PHP Fatal error:  Uncaught Error: Using $this when not in object context in /home/darkesp1/dark-esp-yt.tk/public/lib.php:33
Stack trace:
#0 {main}
  thrown in /home/darkesp1/dark-esp-yt.tk/public/lib.php on line 33
[11-Dec-2022 05:28:56 UTC] PHP Stack trace:
[11-Dec-2022 05:28:56 UTC] PHP   1. newrelic_exception_handler($"exception" = class Error { protected $message = 'Using $this when not in object context'; private $string = 'Error: Using $this when not in object context in /home/darkesp1/dark-esp-yt.tk/public/lib.php:33\nStack trace:\n#0 {main}'; protected $code = 0; protected $file = '/home/darkesp1/dark-esp-yt.tk/public/lib.php'; protected $line = 33; private $trace = []; private $previous = NULL; public $xdebug_message = '<tr><th align=\'left\' bgcolor=\'#f57900\' colspan="5"><span style=\'background-color: #cc0000; color: #fce94f; font-size: x-large;\'>( ! )</span> Error: Using $this when not in object context in /home/darkesp1/dark-esp-yt.tk/public/lib.php on line <i>33</i></th></tr>\n<tr><th align=\'left\' bgcolor=\'#e9b96e\' colspan=\'5\'>Call Stack</th></tr>\n<tr><th align=\'center\' bgcolor=\'#eeeeec\'>#</th><th align=\'left\' bgcolor=\'#eeeeec\'>Time</th><th align=\'left\' bgcolor=\'#eeeeec\'>Memory</th><th align=\'left\' bgcolor=\'#eeeeec\'>Funct'... }) Unknown:0
[11-Dec-2022 05:28:58 UTC] PHP Fatal error:  Uncaught Error: Using $this when not in object context in /home/darkesp1/dark-esp-yt.tk/public/lib.php:33
Stack trace:
#0 {main}
  thrown in /home/darkesp1/dark-esp-yt.tk/public/lib.php on line 33
[11-Dec-2022 05:28:58 UTC] PHP Stack trace:
[11-Dec-2022 05:28:58 UTC] PHP   1. newrelic_exception_handler($"exception" = class Error { protected $message = 'Using $this when not in object context'; private $string = 'Error: Using $this when not in object context in /home/darkesp1/dark-esp-yt.tk/public/lib.php:33\nStack trace:\n#0 {main}'; protected $code = 0; protected $file = '/home/darkesp1/dark-esp-yt.tk/public/lib.php'; protected $line = 33; private $trace = []; private $previous = NULL; public $xdebug_message = '<tr><th align=\'left\' bgcolor=\'#f57900\' colspan="5"><span style=\'background-color: #cc0000; color: #fce94f; font-size: x-large;\'>( ! )</span> Error: Using $this when not in object context in /home/darkesp1/dark-esp-yt.tk/public/lib.php on line <i>33</i></th></tr>\n<tr><th align=\'left\' bgcolor=\'#e9b96e\' colspan=\'5\'>Call Stack</th></tr>\n<tr><th align=\'center\' bgcolor=\'#eeeeec\'>#</th><th align=\'left\' bgcolor=\'#eeeeec\'>Time</th><th align=\'left\' bgcolor=\'#eeeeec\'>Memory</th><th align=\'left\' bgcolor=\'#eeeeec\'>Funct'... }) Unknown:0
[11-Dec-2022 05:29:20 UTC] PHP Fatal error:  Uncaught Error: Using $this when not in object context in /home/darkesp1/dark-esp-yt.tk/public/lib.php:33
Stack trace:
#0 {main}
  thrown in /home/darkesp1/dark-esp-yt.tk/public/lib.php on line 33
[11-Dec-2022 05:29:20 UTC] PHP Stack trace:
[11-Dec-2022 05:29:20 UTC] PHP   1. newrelic_exception_handler($"exception" = class Error { protected $message = 'Using $this when not in object context'; private $string = 'Error: Using $this when not in object context in /home/darkesp1/dark-esp-yt.tk/public/lib.php:33\nStack trace:\n#0 {main}'; protected $code = 0; protected $file = '/home/darkesp1/dark-esp-yt.tk/public/lib.php'; protected $line = 33; private $trace = []; private $previous = NULL; public $xdebug_message = '<tr><th align=\'left\' bgcolor=\'#f57900\' colspan="5"><span style=\'background-color: #cc0000; color: #fce94f; font-size: x-large;\'>( ! )</span> Error: Using $this when not in object context in /home/darkesp1/dark-esp-yt.tk/public/lib.php on line <i>33</i></th></tr>\n<tr><th align=\'left\' bgcolor=\'#e9b96e\' colspan=\'5\'>Call Stack</th></tr>\n<tr><th align=\'center\' bgcolor=\'#eeeeec\'>#</th><th align=\'left\' bgcolor=\'#eeeeec\'>Time</th><th align=\'left\' bgcolor=\'#eeeeec\'>Memory</th><th align=\'left\' bgcolor=\'#eeeeec\'>Funct'... }) Unknown:0
[11-Dec-2022 05:29:22 UTC] PHP Fatal error:  Uncaught Error: Using $this when not in object context in /home/darkesp1/dark-esp-yt.tk/public/lib.php:33
Stack trace:
#0 {main}
  thrown in /home/darkesp1/dark-esp-yt.tk/public/lib.php on line 33
[11-Dec-2022 05:29:22 UTC] PHP Stack trace:
[11-Dec-2022 05:29:22 UTC] PHP   1. newrelic_exception_handler($"exception" = class Error { protected $message = 'Using $this when not in object context'; private $string = 'Error: Using $this when not in object context in /home/darkesp1/dark-esp-yt.tk/public/lib.php:33\nStack trace:\n#0 {main}'; protected $code = 0; protected $file = '/home/darkesp1/dark-esp-yt.tk/public/lib.php'; protected $line = 33; private $trace = []; private $previous = NULL; public $xdebug_message = '<tr><th align=\'left\' bgcolor=\'#f57900\' colspan="5"><span style=\'background-color: #cc0000; color: #fce94f; font-size: x-large;\'>( ! )</span> Error: Using $this when not in object context in /home/darkesp1/dark-esp-yt.tk/public/lib.php on line <i>33</i></th></tr>\n<tr><th align=\'left\' bgcolor=\'#e9b96e\' colspan=\'5\'>Call Stack</th></tr>\n<tr><th align=\'center\' bgcolor=\'#eeeeec\'>#</th><th align=\'left\' bgcolor=\'#eeeeec\'>Time</th><th align=\'left\' bgcolor=\'#eeeeec\'>Memory</th><th align=\'left\' bgcolor=\'#eeeeec\'>Funct'... }) Unknown:0
[11-Dec-2022 05:39:36 UTC] PHP Fatal error:  Uncaught Error: Using $this when not in object context in /home/darkesp1/dark-esp-yt.tk/public/lib.php:33
Stack trace:
#0 {main}
  thrown in /home/darkesp1/dark-esp-yt.tk/public/lib.php on line 33
[11-Dec-2022 05:39:36 UTC] PHP Stack trace:
[11-Dec-2022 05:39:36 UTC] PHP   1. newrelic_exception_handler($"exception" = class Error { protected $message = 'Using $this when not in object context'; private $string = 'Error: Using $this when not in object context in /home/darkesp1/dark-esp-yt.tk/public/lib.php:33\nStack trace:\n#0 {main}'; protected $code = 0; protected $file = '/home/darkesp1/dark-esp-yt.tk/public/lib.php'; protected $line = 33; private $trace = []; private $previous = NULL; public $xdebug_message = '<tr><th align=\'left\' bgcolor=\'#f57900\' colspan="5"><span style=\'background-color: #cc0000; color: #fce94f; font-size: x-large;\'>( ! )</span> Error: Using $this when not in object context in /home/darkesp1/dark-esp-yt.tk/public/lib.php on line <i>33</i></th></tr>\n<tr><th align=\'left\' bgcolor=\'#e9b96e\' colspan=\'5\'>Call Stack</th></tr>\n<tr><th align=\'center\' bgcolor=\'#eeeeec\'>#</th><th align=\'left\' bgcolor=\'#eeeeec\'>Time</th><th align=\'left\' bgcolor=\'#eeeeec\'>Memory</th><th align=\'left\' bgcolor=\'#eeeeec\'>Funct'... }) Unknown:0
[11-Dec-2022 05:39:44 UTC] PHP Fatal error:  Uncaught Error: Using $this when not in object context in /home/darkesp1/dark-esp-yt.tk/public/lib.php:33
Stack trace:
#0 {main}
  thrown in /home/darkesp1/dark-esp-yt.tk/public/lib.php on line 33
[11-Dec-2022 05:39:44 UTC] PHP Stack trace:
[11-Dec-2022 05:39:44 UTC] PHP   1. newrelic_exception_handler($"exception" = class Error { protected $message = 'Using $this when not in object context'; private $string = 'Error: Using $this when not in object context in /home/darkesp1/dark-esp-yt.tk/public/lib.php:33\nStack trace:\n#0 {main}'; protected $code = 0; protected $file = '/home/darkesp1/dark-esp-yt.tk/public/lib.php'; protected $line = 33; private $trace = []; private $previous = NULL; public $xdebug_message = '<tr><th align=\'left\' bgcolor=\'#f57900\' colspan="5"><span style=\'background-color: #cc0000; color: #fce94f; font-size: x-large;\'>( ! )</span> Error: Using $this when not in object context in /home/darkesp1/dark-esp-yt.tk/public/lib.php on line <i>33</i></th></tr>\n<tr><th align=\'left\' bgcolor=\'#e9b96e\' colspan=\'5\'>Call Stack</th></tr>\n<tr><th align=\'center\' bgcolor=\'#eeeeec\'>#</th><th align=\'left\' bgcolor=\'#eeeeec\'>Time</th><th align=\'left\' bgcolor=\'#eeeeec\'>Memory</th><th align=\'left\' bgcolor=\'#eeeeec\'>Funct'... }) Unknown:0
[11-Dec-2022 05:40:15 UTC] PHP Fatal error:  Uncaught Error: Using $this when not in object context in /home/darkesp1/dark-esp-yt.tk/public/lib.php:35
Stack trace:
#0 {main}
  thrown in /home/darkesp1/dark-esp-yt.tk/public/lib.php on line 35
[11-Dec-2022 05:40:15 UTC] PHP Stack trace:
[11-Dec-2022 05:40:15 UTC] PHP   1. newrelic_exception_handler($"exception" = class Error { protected $message = 'Using $this when not in object context'; private $string = 'Error: Using $this when not in object context in /home/darkesp1/dark-esp-yt.tk/public/lib.php:35\nStack trace:\n#0 {main}'; protected $code = 0; protected $file = '/home/darkesp1/dark-esp-yt.tk/public/lib.php'; protected $line = 35; private $trace = []; private $previous = NULL; public $xdebug_message = '<tr><th align=\'left\' bgcolor=\'#f57900\' colspan="5"><span style=\'background-color: #cc0000; color: #fce94f; font-size: x-large;\'>( ! )</span> Error: Using $this when not in object context in /home/darkesp1/dark-esp-yt.tk/public/lib.php on line <i>35</i></th></tr>\n<tr><th align=\'left\' bgcolor=\'#e9b96e\' colspan=\'5\'>Call Stack</th></tr>\n<tr><th align=\'center\' bgcolor=\'#eeeeec\'>#</th><th align=\'left\' bgcolor=\'#eeeeec\'>Time</th><th align=\'left\' bgcolor=\'#eeeeec\'>Memory</th><th align=\'left\' bgcolor=\'#eeeeec\'>Funct'... }) Unknown:0
[11-Dec-2022 05:40:17 UTC] PHP Fatal error:  Uncaught Error: Using $this when not in object context in /home/darkesp1/dark-esp-yt.tk/public/lib.php:35
Stack trace:
#0 {main}
  thrown in /home/darkesp1/dark-esp-yt.tk/public/lib.php on line 35
[11-Dec-2022 05:40:17 UTC] PHP Stack trace:
[11-Dec-2022 05:40:17 UTC] PHP   1. newrelic_exception_handler($"exception" = class Error { protected $message = 'Using $this when not in object context'; private $string = 'Error: Using $this when not in object context in /home/darkesp1/dark-esp-yt.tk/public/lib.php:35\nStack trace:\n#0 {main}'; protected $code = 0; protected $file = '/home/darkesp1/dark-esp-yt.tk/public/lib.php'; protected $line = 35; private $trace = []; private $previous = NULL; public $xdebug_message = '<tr><th align=\'left\' bgcolor=\'#f57900\' colspan="5"><span style=\'background-color: #cc0000; color: #fce94f; font-size: x-large;\'>( ! )</span> Error: Using $this when not in object context in /home/darkesp1/dark-esp-yt.tk/public/lib.php on line <i>35</i></th></tr>\n<tr><th align=\'left\' bgcolor=\'#e9b96e\' colspan=\'5\'>Call Stack</th></tr>\n<tr><th align=\'center\' bgcolor=\'#eeeeec\'>#</th><th align=\'left\' bgcolor=\'#eeeeec\'>Time</th><th align=\'left\' bgcolor=\'#eeeeec\'>Memory</th><th align=\'left\' bgcolor=\'#eeeeec\'>Funct'... }) Unknown:0
[11-Dec-2022 06:45:49 UTC] PHP Fatal error:  Uncaught Error: Call to undefined function site_url() in /home/darkesp1/dark-esp-yt.tk/public/Layout/Header.php:4
Stack trace:
#0 /home/darkesp1/dark-esp-yt.tk/public/lib.php(3): include()
#1 {main}
  thrown in /home/darkesp1/dark-esp-yt.tk/public/Layout/Header.php on line 4
[11-Dec-2022 06:45:49 UTC] PHP Stack trace:
[11-Dec-2022 06:45:49 UTC] PHP   1. newrelic_exception_handler($"exception" = class Error { protected $message = 'Call to undefined function site_url()'; private $string = 'Error: Call to undefined function site_url() in /home/darkesp1/dark-esp-yt.tk/public/Layout/Header.php:4\nStack trace:\n#0 /home/darkesp1/dark-esp-yt.tk/public/lib.php(3): include()\n#1 {main}'; protected $code = 0; protected $file = '/home/darkesp1/dark-esp-yt.tk/public/Layout/Header.php'; protected $line = 4; private $trace = [0 => [...]]; private $previous = NULL; public $xdebug_message = '<tr><th align=\'left\' bgcolor=\'#f57900\' colspan="5"><span style=\'background-color: #cc0000; color: #fce94f; font-size: x-large;\'>( ! )</span> Error: Call to undefined function site_url() in /home/darkesp1/dark-esp-yt.tk/public/Layout/Header.php on line <i>4</i></th></tr>\n<tr><th align=\'left\' bgcolor=\'#e9b96e\' colspan=\'5\'>Call Stack</th></tr>\n<tr><th align=\'center\' bgcolor=\'#eeeeec\'>#</th><th align=\'left\' bgcolor=\'#eeeeec\'>Time</th><th align=\'left\' bgcolor=\'#eeeeec\'>Memory</th><th align=\'left\' bgcolor=\'#eeeee'... }) Unknown:0
[11-Dec-2022 06:45:51 UTC] PHP Fatal error:  Uncaught Error: Call to undefined function site_url() in /home/darkesp1/dark-esp-yt.tk/public/Layout/Header.php:4
Stack trace:
#0 /home/darkesp1/dark-esp-yt.tk/public/lib.php(3): include()
#1 {main}
  thrown in /home/darkesp1/dark-esp-yt.tk/public/Layout/Header.php on line 4
[11-Dec-2022 06:45:51 UTC] PHP Stack trace:
[11-Dec-2022 06:45:51 UTC] PHP   1. newrelic_exception_handler($"exception" = class Error { protected $message = 'Call to undefined function site_url()'; private $string = 'Error: Call to undefined function site_url() in /home/darkesp1/dark-esp-yt.tk/public/Layout/Header.php:4\nStack trace:\n#0 /home/darkesp1/dark-esp-yt.tk/public/lib.php(3): include()\n#1 {main}'; protected $code = 0; protected $file = '/home/darkesp1/dark-esp-yt.tk/public/Layout/Header.php'; protected $line = 4; private $trace = [0 => [...]]; private $previous = NULL; public $xdebug_message = '<tr><th align=\'left\' bgcolor=\'#f57900\' colspan="5"><span style=\'background-color: #cc0000; color: #fce94f; font-size: x-large;\'>( ! )</span> Error: Call to undefined function site_url() in /home/darkesp1/dark-esp-yt.tk/public/Layout/Header.php on line <i>4</i></th></tr>\n<tr><th align=\'left\' bgcolor=\'#e9b96e\' colspan=\'5\'>Call Stack</th></tr>\n<tr><th align=\'center\' bgcolor=\'#eeeeec\'>#</th><th align=\'left\' bgcolor=\'#eeeeec\'>Time</th><th align=\'left\' bgcolor=\'#eeeeec\'>Memory</th><th align=\'left\' bgcolor=\'#eeeee'... }) Unknown:0
[11-Dec-2022 06:48:23 UTC] PHP Fatal error:  Uncaught Error: Call to undefined function site_url() in /home/darkesp1/dark-esp-yt.tk/public/Layout/Header.php:4
Stack trace:
#0 /home/darkesp1/dark-esp-yt.tk/public/lib.php(3): include()
#1 {main}
  thrown in /home/darkesp1/dark-esp-yt.tk/public/Layout/Header.php on line 4
[11-Dec-2022 06:48:23 UTC] PHP Stack trace:
[11-Dec-2022 06:48:23 UTC] PHP   1. newrelic_exception_handler($"exception" = class Error { protected $message = 'Call to undefined function site_url()'; private $string = 'Error: Call to undefined function site_url() in /home/darkesp1/dark-esp-yt.tk/public/Layout/Header.php:4\nStack trace:\n#0 /home/darkesp1/dark-esp-yt.tk/public/lib.php(3): include()\n#1 {main}'; protected $code = 0; protected $file = '/home/darkesp1/dark-esp-yt.tk/public/Layout/Header.php'; protected $line = 4; private $trace = [0 => [...]]; private $previous = NULL; public $xdebug_message = '<tr><th align=\'left\' bgcolor=\'#f57900\' colspan="5"><span style=\'background-color: #cc0000; color: #fce94f; font-size: x-large;\'>( ! )</span> Error: Call to undefined function site_url() in /home/darkesp1/dark-esp-yt.tk/public/Layout/Header.php on line <i>4</i></th></tr>\n<tr><th align=\'left\' bgcolor=\'#e9b96e\' colspan=\'5\'>Call Stack</th></tr>\n<tr><th align=\'center\' bgcolor=\'#eeeeec\'>#</th><th align=\'left\' bgcolor=\'#eeeeec\'>Time</th><th align=\'left\' bgcolor=\'#eeeeec\'>Memory</th><th align=\'left\' bgcolor=\'#eeeee'... }) Unknown:0
[11-Dec-2022 06:49:10 UTC] PHP Fatal error:  Uncaught Error: Call to undefined function site_url() in /home/darkesp1/dark-esp-yt.tk/public/Layout/Header.php:4
Stack trace:
#0 /home/darkesp1/dark-esp-yt.tk/public/lib.php(3): include()
#1 {main}
  thrown in /home/darkesp1/dark-esp-yt.tk/public/Layout/Header.php on line 4
[11-Dec-2022 06:49:10 UTC] PHP Stack trace:
[11-Dec-2022 06:49:10 UTC] PHP   1. newrelic_exception_handler($"exception" = class Error { protected $message = 'Call to undefined function site_url()'; private $string = 'Error: Call to undefined function site_url() in /home/darkesp1/dark-esp-yt.tk/public/Layout/Header.php:4\nStack trace:\n#0 /home/darkesp1/dark-esp-yt.tk/public/lib.php(3): include()\n#1 {main}'; protected $code = 0; protected $file = '/home/darkesp1/dark-esp-yt.tk/public/Layout/Header.php'; protected $line = 4; private $trace = [0 => [...]]; private $previous = NULL; public $xdebug_message = '<tr><th align=\'left\' bgcolor=\'#f57900\' colspan="5"><span style=\'background-color: #cc0000; color: #fce94f; font-size: x-large;\'>( ! )</span> Error: Call to undefined function site_url() in /home/darkesp1/dark-esp-yt.tk/public/Layout/Header.php on line <i>4</i></th></tr>\n<tr><th align=\'left\' bgcolor=\'#e9b96e\' colspan=\'5\'>Call Stack</th></tr>\n<tr><th align=\'center\' bgcolor=\'#eeeeec\'>#</th><th align=\'left\' bgcolor=\'#eeeeec\'>Time</th><th align=\'left\' bgcolor=\'#eeeeec\'>Memory</th><th align=\'left\' bgcolor=\'#eeeee'... }) Unknown:0
[11-Dec-2022 12:14:40 UTC] PHP Fatal error:  Uncaught Error: Call to undefined function site_url() in /home/darkesp1/dark-esp-yt.tk/public/Layout/Header.php:4
Stack trace:
#0 /home/darkesp1/dark-esp-yt.tk/public/lib.php(3): include()
#1 {main}
  thrown in /home/darkesp1/dark-esp-yt.tk/public/Layout/Header.php on line 4
[11-Dec-2022 12:14:40 UTC] PHP Stack trace:
[11-Dec-2022 12:14:40 UTC] PHP   1. newrelic_exception_handler($"exception" = class Error { protected $message = 'Call to undefined function site_url()'; private $string = 'Error: Call to undefined function site_url() in /home/darkesp1/dark-esp-yt.tk/public/Layout/Header.php:4\nStack trace:\n#0 /home/darkesp1/dark-esp-yt.tk/public/lib.php(3): include()\n#1 {main}'; protected $code = 0; protected $file = '/home/darkesp1/dark-esp-yt.tk/public/Layout/Header.php'; protected $line = 4; private $trace = [0 => [...]]; private $previous = NULL; public $xdebug_message = '<tr><th align=\'left\' bgcolor=\'#f57900\' colspan="5"><span style=\'background-color: #cc0000; color: #fce94f; font-size: x-large;\'>( ! )</span> Error: Call to undefined function site_url() in /home/darkesp1/dark-esp-yt.tk/public/Layout/Header.php on line <i>4</i></th></tr>\n<tr><th align=\'left\' bgcolor=\'#e9b96e\' colspan=\'5\'>Call Stack</th></tr>\n<tr><th align=\'center\' bgcolor=\'#eeeeec\'>#</th><th align=\'left\' bgcolor=\'#eeeeec\'>Time</th><th align=\'left\' bgcolor=\'#eeeeec\'>Memory</th><th align=\'left\' bgcolor=\'#eeeee'... }) Unknown:0
[17-Dec-2022 11:39:56 UTC] PHP Notice:  Undefined variable: dt in /home/darkesp1/dark-esp-yt.tk/public/lib.php on line 36
[17-Dec-2022 11:39:56 UTC] PHP Stack trace:
[17-Dec-2022 11:39:56 UTC] PHP   1. {main}() /home/darkesp1/dark-esp-yt.tk/public/lib.php:0
[17-Dec-2022 11:46:11 UTC] PHP Warning:  filemtime(): stat failed for libDARKBhaiOP.so in /home/darkesp1/dark-esp-yt.tk/public/lib.php on line 30
[17-Dec-2022 11:46:11 UTC] PHP Stack trace:
[17-Dec-2022 11:46:11 UTC] PHP   1. {main}() /home/darkesp1/dark-esp-yt.tk/public/lib.php:0
[17-Dec-2022 11:46:11 UTC] PHP   2. filemtime($filename = 'libDARKBhaiOP.so') /home/darkesp1/dark-esp-yt.tk/public/lib.php:30
[17-Dec-2022 20:44:58 UTC] PHP Warning:  filemtime(): stat failed for libDARKMOD.so in /home/darkesp1/dark-esp-yt.tk/public/lib.php on line 30
[17-Dec-2022 20:44:58 UTC] PHP Stack trace:
[17-Dec-2022 20:44:58 UTC] PHP   1. {main}() /home/darkesp1/dark-esp-yt.tk/public/lib.php:0
[17-Dec-2022 20:44:58 UTC] PHP   2. filemtime($filename = 'libDARKMOD.so') /home/darkesp1/dark-esp-yt.tk/public/lib.php:30
[30-Jun-2023 00:09:54 UTC] PHP Warning:  require(/home/darkesp1/api.darkespyt.in/public/wp-blog-header.php): failed to open stream: No such file or directory in /home/darkesp1/api.darkespyt.in/public/index.php on line 46
[30-Jun-2023 00:09:54 UTC] PHP Fatal error:  require(): Failed opening required '/home/darkesp1/api.darkespyt.in/public/wp-blog-header.php' (include_path='.:/opt/alt/php74/usr/share/pear') in /home/darkesp1/api.darkespyt.in/public/index.php on line 46
[05-Jul-2023 19:58:07 UTC] PHP Warning:  require(/home/darkesp1/api.darkespyt.in/public/wp-blog-header.php): failed to open stream: No such file or directory in /home/darkesp1/api.darkespyt.in/public/index.php on line 46
[05-Jul-2023 19:58:07 UTC] PHP Fatal error:  require(): Failed opening required '/home/darkesp1/api.darkespyt.in/public/wp-blog-header.php' (include_path='.:/opt/cpanel/ea-php74/root/usr/share/pear') in /home/darkesp1/api.darkespyt.in/public/index.php on line 46
[06-Jul-2023 05:07:25 UTC] PHP Warning:  require(/home/darkesp1/api.darkespyt.in/public/wp-blog-header.php): failed to open stream: No such file or directory in /home/darkesp1/api.darkespyt.in/public/index.php on line 46
[06-Jul-2023 05:07:25 UTC] PHP Fatal error:  require(): Failed opening required '/home/darkesp1/api.darkespyt.in/public/wp-blog-header.php' (include_path='.:/opt/cpanel/ea-php74/root/usr/share/pear') in /home/darkesp1/api.darkespyt.in/public/index.php on line 46
[06-Jul-2023 05:07:26 UTC] PHP Warning:  require(/home/darkesp1/api.darkespyt.in/public/wp-blog-header.php): failed to open stream: No such file or directory in /home/darkesp1/api.darkespyt.in/public/index.php on line 46
[06-Jul-2023 05:07:26 UTC] PHP Fatal error:  require(): Failed opening required '/home/darkesp1/api.darkespyt.in/public/wp-blog-header.php' (include_path='.:/opt/cpanel/ea-php74/root/usr/share/pear') in /home/darkesp1/api.darkespyt.in/public/index.php on line 46
[06-Jul-2023 05:07:27 UTC] PHP Warning:  require(/home/darkesp1/api.darkespyt.in/public/wp-blog-header.php): failed to open stream: No such file or directory in /home/darkesp1/api.darkespyt.in/public/index.php on line 46
[06-Jul-2023 05:07:27 UTC] PHP Fatal error:  require(): Failed opening required '/home/darkesp1/api.darkespyt.in/public/wp-blog-header.php' (include_path='.:/opt/cpanel/ea-php74/root/usr/share/pear') in /home/darkesp1/api.darkespyt.in/public/index.php on line 46
[06-Jul-2023 05:07:27 UTC] PHP Warning:  require(/home/darkesp1/api.darkespyt.in/public/wp-blog-header.php): failed to open stream: No such file or directory in /home/darkesp1/api.darkespyt.in/public/index.php on line 46
[06-Jul-2023 05:07:27 UTC] PHP Fatal error:  require(): Failed opening required '/home/darkesp1/api.darkespyt.in/public/wp-blog-header.php' (include_path='.:/opt/cpanel/ea-php74/root/usr/share/pear') in /home/darkesp1/api.darkespyt.in/public/index.php on line 46
[06-Jul-2023 05:07:28 UTC] PHP Warning:  require(/home/darkesp1/api.darkespyt.in/public/wp-blog-header.php): failed to open stream: No such file or directory in /home/darkesp1/api.darkespyt.in/public/index.php on line 46
[06-Jul-2023 05:07:28 UTC] PHP Fatal error:  require(): Failed opening required '/home/darkesp1/api.darkespyt.in/public/wp-blog-header.php' (include_path='.:/opt/cpanel/ea-php74/root/usr/share/pear') in /home/darkesp1/api.darkespyt.in/public/index.php on line 46
[06-Jul-2023 05:07:29 UTC] PHP Warning:  require(/home/darkesp1/api.darkespyt.in/public/wp-blog-header.php): failed to open stream: No such file or directory in /home/darkesp1/api.darkespyt.in/public/index.php on line 46
[06-Jul-2023 05:07:29 UTC] PHP Fatal error:  require(): Failed opening required '/home/darkesp1/api.darkespyt.in/public/wp-blog-header.php' (include_path='.:/opt/cpanel/ea-php74/root/usr/share/pear') in /home/darkesp1/api.darkespyt.in/public/index.php on line 46
[06-Jul-2023 05:07:30 UTC] PHP Warning:  require(/home/darkesp1/api.darkespyt.in/public/wp-blog-header.php): failed to open stream: No such file or directory in /home/darkesp1/api.darkespyt.in/public/index.php on line 46
[06-Jul-2023 05:07:30 UTC] PHP Fatal error:  require(): Failed opening required '/home/darkesp1/api.darkespyt.in/public/wp-blog-header.php' (include_path='.:/opt/cpanel/ea-php74/root/usr/share/pear') in /home/darkesp1/api.darkespyt.in/public/index.php on line 46
[06-Jul-2023 05:07:31 UTC] PHP Warning:  require(/home/darkesp1/api.darkespyt.in/public/wp-blog-header.php): failed to open stream: No such file or directory in /home/darkesp1/api.darkespyt.in/public/index.php on line 46
[06-Jul-2023 05:07:31 UTC] PHP Fatal error:  require(): Failed opening required '/home/darkesp1/api.darkespyt.in/public/wp-blog-header.php' (include_path='.:/opt/cpanel/ea-php74/root/usr/share/pear') in /home/darkesp1/api.darkespyt.in/public/index.php on line 46
[06-Jul-2023 05:07:31 UTC] PHP Warning:  require(/home/darkesp1/api.darkespyt.in/public/wp-blog-header.php): failed to open stream: No such file or directory in /home/darkesp1/api.darkespyt.in/public/index.php on line 46
[06-Jul-2023 05:07:31 UTC] PHP Fatal error:  require(): Failed opening required '/home/darkesp1/api.darkespyt.in/public/wp-blog-header.php' (include_path='.:/opt/cpanel/ea-php74/root/usr/share/pear') in /home/darkesp1/api.darkespyt.in/public/index.php on line 46
[06-Jul-2023 05:07:32 UTC] PHP Warning:  require(/home/darkesp1/api.darkespyt.in/public/wp-blog-header.php): failed to open stream: No such file or directory in /home/darkesp1/api.darkespyt.in/public/index.php on line 46
[06-Jul-2023 05:07:32 UTC] PHP Fatal error:  require(): Failed opening required '/home/darkesp1/api.darkespyt.in/public/wp-blog-header.php' (include_path='.:/opt/cpanel/ea-php74/root/usr/share/pear') in /home/darkesp1/api.darkespyt.in/public/index.php on line 46
[06-Jul-2023 05:07:33 UTC] PHP Warning:  require(/home/darkesp1/api.darkespyt.in/public/wp-blog-header.php): failed to open stream: No such file or directory in /home/darkesp1/api.darkespyt.in/public/index.php on line 46
[06-Jul-2023 05:07:33 UTC] PHP Fatal error:  require(): Failed opening required '/home/darkesp1/api.darkespyt.in/public/wp-blog-header.php' (include_path='.:/opt/cpanel/ea-php74/root/usr/share/pear') in /home/darkesp1/api.darkespyt.in/public/index.php on line 46
[06-Jul-2023 05:07:34 UTC] PHP Warning:  require(/home/darkesp1/api.darkespyt.in/public/wp-blog-header.php): failed to open stream: No such file or directory in /home/darkesp1/api.darkespyt.in/public/index.php on line 46
[06-Jul-2023 05:07:34 UTC] PHP Fatal error:  require(): Failed opening required '/home/darkesp1/api.darkespyt.in/public/wp-blog-header.php' (include_path='.:/opt/cpanel/ea-php74/root/usr/share/pear') in /home/darkesp1/api.darkespyt.in/public/index.php on line 46
[06-Jul-2023 05:07:34 UTC] PHP Warning:  require(/home/darkesp1/api.darkespyt.in/public/wp-blog-header.php): failed to open stream: No such file or directory in /home/darkesp1/api.darkespyt.in/public/index.php on line 46
[06-Jul-2023 05:07:34 UTC] PHP Fatal error:  require(): Failed opening required '/home/darkesp1/api.darkespyt.in/public/wp-blog-header.php' (include_path='.:/opt/cpanel/ea-php74/root/usr/share/pear') in /home/darkesp1/api.darkespyt.in/public/index.php on line 46
[06-Jul-2023 05:07:36 UTC] PHP Warning:  require(/home/darkesp1/api.darkespyt.in/public/wp-blog-header.php): failed to open stream: No such file or directory in /home/darkesp1/api.darkespyt.in/public/index.php on line 46
[06-Jul-2023 05:07:36 UTC] PHP Fatal error:  require(): Failed opening required '/home/darkesp1/api.darkespyt.in/public/wp-blog-header.php' (include_path='.:/opt/cpanel/ea-php74/root/usr/share/pear') in /home/darkesp1/api.darkespyt.in/public/index.php on line 46
[06-Jul-2023 05:07:37 UTC] PHP Warning:  require(/home/darkesp1/api.darkespyt.in/public/wp-blog-header.php): failed to open stream: No such file or directory in /home/darkesp1/api.darkespyt.in/public/index.php on line 46
[06-Jul-2023 05:07:37 UTC] PHP Fatal error:  require(): Failed opening required '/home/darkesp1/api.darkespyt.in/public/wp-blog-header.php' (include_path='.:/opt/cpanel/ea-php74/root/usr/share/pear') in /home/darkesp1/api.darkespyt.in/public/index.php on line 46
[06-Jul-2023 05:07:38 UTC] PHP Warning:  require(/home/darkesp1/api.darkespyt.in/public/wp-blog-header.php): failed to open stream: No such file or directory in /home/darkesp1/api.darkespyt.in/public/index.php on line 46
[06-Jul-2023 05:07:38 UTC] PHP Fatal error:  require(): Failed opening required '/home/darkesp1/api.darkespyt.in/public/wp-blog-header.php' (include_path='.:/opt/cpanel/ea-php74/root/usr/share/pear') in /home/darkesp1/api.darkespyt.in/public/index.php on line 46
[06-Jul-2023 05:09:20 UTC] PHP Warning:  require(/home/darkesp1/api.darkespyt.in/public/wp-blog-header.php): failed to open stream: No such file or directory in /home/darkesp1/api.darkespyt.in/public/index.php on line 46
[06-Jul-2023 05:09:20 UTC] PHP Fatal error:  require(): Failed opening required '/home/darkesp1/api.darkespyt.in/public/wp-blog-header.php' (include_path='.:/opt/cpanel/ea-php74/root/usr/share/pear') in /home/darkesp1/api.darkespyt.in/public/index.php on line 46
[06-Jul-2023 05:09:21 UTC] PHP Warning:  require(/home/darkesp1/api.darkespyt.in/public/wp-blog-header.php): failed to open stream: No such file or directory in /home/darkesp1/api.darkespyt.in/public/index.php on line 46
[06-Jul-2023 05:09:21 UTC] PHP Fatal error:  require(): Failed opening required '/home/darkesp1/api.darkespyt.in/public/wp-blog-header.php' (include_path='.:/opt/cpanel/ea-php74/root/usr/share/pear') in /home/darkesp1/api.darkespyt.in/public/index.php on line 46
[06-Jul-2023 05:09:22 UTC] PHP Warning:  require(/home/darkesp1/api.darkespyt.in/public/wp-blog-header.php): failed to open stream: No such file or directory in /home/darkesp1/api.darkespyt.in/public/index.php on line 46
[06-Jul-2023 05:09:22 UTC] PHP Fatal error:  require(): Failed opening required '/home/darkesp1/api.darkespyt.in/public/wp-blog-header.php' (include_path='.:/opt/cpanel/ea-php74/root/usr/share/pear') in /home/darkesp1/api.darkespyt.in/public/index.php on line 46
[06-Jul-2023 05:09:23 UTC] PHP Warning:  require(/home/darkesp1/api.darkespyt.in/public/wp-blog-header.php): failed to open stream: No such file or directory in /home/darkesp1/api.darkespyt.in/public/index.php on line 46
[06-Jul-2023 05:09:23 UTC] PHP Fatal error:  require(): Failed opening required '/home/darkesp1/api.darkespyt.in/public/wp-blog-header.php' (include_path='.:/opt/cpanel/ea-php74/root/usr/share/pear') in /home/darkesp1/api.darkespyt.in/public/index.php on line 46
[06-Jul-2023 05:09:23 UTC] PHP Warning:  require(/home/darkesp1/api.darkespyt.in/public/wp-blog-header.php): failed to open stream: No such file or directory in /home/darkesp1/api.darkespyt.in/public/index.php on line 46
[06-Jul-2023 05:09:23 UTC] PHP Fatal error:  require(): Failed opening required '/home/darkesp1/api.darkespyt.in/public/wp-blog-header.php' (include_path='.:/opt/cpanel/ea-php74/root/usr/share/pear') in /home/darkesp1/api.darkespyt.in/public/index.php on line 46
[06-Jul-2023 05:09:24 UTC] PHP Warning:  require(/home/darkesp1/api.darkespyt.in/public/wp-blog-header.php): failed to open stream: No such file or directory in /home/darkesp1/api.darkespyt.in/public/index.php on line 46
[06-Jul-2023 05:09:24 UTC] PHP Fatal error:  require(): Failed opening required '/home/darkesp1/api.darkespyt.in/public/wp-blog-header.php' (include_path='.:/opt/cpanel/ea-php74/root/usr/share/pear') in /home/darkesp1/api.darkespyt.in/public/index.php on line 46
[06-Jul-2023 05:09:25 UTC] PHP Warning:  require(/home/darkesp1/api.darkespyt.in/public/wp-blog-header.php): failed to open stream: No such file or directory in /home/darkesp1/api.darkespyt.in/public/index.php on line 46
[06-Jul-2023 05:09:25 UTC] PHP Fatal error:  require(): Failed opening required '/home/darkesp1/api.darkespyt.in/public/wp-blog-header.php' (include_path='.:/opt/cpanel/ea-php74/root/usr/share/pear') in /home/darkesp1/api.darkespyt.in/public/index.php on line 46
[06-Jul-2023 05:09:25 UTC] PHP Warning:  require(/home/darkesp1/api.darkespyt.in/public/wp-blog-header.php): failed to open stream: No such file or directory in /home/darkesp1/api.darkespyt.in/public/index.php on line 46
[06-Jul-2023 05:09:25 UTC] PHP Fatal error:  require(): Failed opening required '/home/darkesp1/api.darkespyt.in/public/wp-blog-header.php' (include_path='.:/opt/cpanel/ea-php74/root/usr/share/pear') in /home/darkesp1/api.darkespyt.in/public/index.php on line 46
[06-Jul-2023 05:09:26 UTC] PHP Warning:  require(/home/darkesp1/api.darkespyt.in/public/wp-blog-header.php): failed to open stream: No such file or directory in /home/darkesp1/api.darkespyt.in/public/index.php on line 46
[06-Jul-2023 05:09:26 UTC] PHP Fatal error:  require(): Failed opening required '/home/darkesp1/api.darkespyt.in/public/wp-blog-header.php' (include_path='.:/opt/cpanel/ea-php74/root/usr/share/pear') in /home/darkesp1/api.darkespyt.in/public/index.php on line 46
[06-Jul-2023 05:12:29 UTC] PHP Warning:  require(/home/darkesp1/api.darkespyt.in/public/wp-blog-header.php): failed to open stream: No such file or directory in /home/darkesp1/api.darkespyt.in/public/index.php on line 46
[06-Jul-2023 05:12:29 UTC] PHP Fatal error:  require(): Failed opening required '/home/darkesp1/api.darkespyt.in/public/wp-blog-header.php' (include_path='.:/opt/cpanel/ea-php74/root/usr/share/pear') in /home/darkesp1/api.darkespyt.in/public/index.php on line 46
[06-Jul-2023 05:12:30 UTC] PHP Warning:  require(/home/darkesp1/api.darkespyt.in/public/wp-blog-header.php): failed to open stream: No such file or directory in /home/darkesp1/api.darkespyt.in/public/index.php on line 46
[06-Jul-2023 05:12:30 UTC] PHP Fatal error:  require(): Failed opening required '/home/darkesp1/api.darkespyt.in/public/wp-blog-header.php' (include_path='.:/opt/cpanel/ea-php74/root/usr/share/pear') in /home/darkesp1/api.darkespyt.in/public/index.php on line 46
[06-Jul-2023 05:12:31 UTC] PHP Warning:  require(/home/darkesp1/api.darkespyt.in/public/wp-blog-header.php): failed to open stream: No such file or directory in /home/darkesp1/api.darkespyt.in/public/index.php on line 46
[06-Jul-2023 05:12:31 UTC] PHP Fatal error:  require(): Failed opening required '/home/darkesp1/api.darkespyt.in/public/wp-blog-header.php' (include_path='.:/opt/cpanel/ea-php74/root/usr/share/pear') in /home/darkesp1/api.darkespyt.in/public/index.php on line 46
[06-Jul-2023 05:12:32 UTC] PHP Warning:  require(/home/darkesp1/api.darkespyt.in/public/wp-blog-header.php): failed to open stream: No such file or directory in /home/darkesp1/api.darkespyt.in/public/index.php on line 46
[06-Jul-2023 05:12:32 UTC] PHP Fatal error:  require(): Failed opening required '/home/darkesp1/api.darkespyt.in/public/wp-blog-header.php' (include_path='.:/opt/cpanel/ea-php74/root/usr/share/pear') in /home/darkesp1/api.darkespyt.in/public/index.php on line 46
[06-Jul-2023 05:12:32 UTC] PHP Warning:  require(/home/darkesp1/api.darkespyt.in/public/wp-blog-header.php): failed to open stream: No such file or directory in /home/darkesp1/api.darkespyt.in/public/index.php on line 46
[06-Jul-2023 05:12:32 UTC] PHP Fatal error:  require(): Failed opening required '/home/darkesp1/api.darkespyt.in/public/wp-blog-header.php' (include_path='.:/opt/cpanel/ea-php74/root/usr/share/pear') in /home/darkesp1/api.darkespyt.in/public/index.php on line 46
[06-Jul-2023 05:12:33 UTC] PHP Warning:  require(/home/darkesp1/api.darkespyt.in/public/wp-blog-header.php): failed to open stream: No such file or directory in /home/darkesp1/api.darkespyt.in/public/index.php on line 46
[06-Jul-2023 05:12:33 UTC] PHP Fatal error:  require(): Failed opening required '/home/darkesp1/api.darkespyt.in/public/wp-blog-header.php' (include_path='.:/opt/cpanel/ea-php74/root/usr/share/pear') in /home/darkesp1/api.darkespyt.in/public/index.php on line 46
[06-Jul-2023 05:12:34 UTC] PHP Warning:  require(/home/darkesp1/api.darkespyt.in/public/wp-blog-header.php): failed to open stream: No such file or directory in /home/darkesp1/api.darkespyt.in/public/index.php on line 46
[06-Jul-2023 05:12:34 UTC] PHP Fatal error:  require(): Failed opening required '/home/darkesp1/api.darkespyt.in/public/wp-blog-header.php' (include_path='.:/opt/cpanel/ea-php74/root/usr/share/pear') in /home/darkesp1/api.darkespyt.in/public/index.php on line 46
[06-Jul-2023 16:55:01 UTC] PHP Warning:  require(/home/darkesp1/api.darkespyt.in/public/wp-blog-header.php): failed to open stream: No such file or directory in /home/darkesp1/api.darkespyt.in/public/index.php on line 46
[06-Jul-2023 16:55:01 UTC] PHP Fatal error:  require(): Failed opening required '/home/darkesp1/api.darkespyt.in/public/wp-blog-header.php' (include_path='.:/opt/cpanel/ea-php74/root/usr/share/pear') in /home/darkesp1/api.darkespyt.in/public/index.php on line 46
[06-Jul-2023 16:55:03 UTC] PHP Warning:  require(/home/darkesp1/api.darkespyt.in/public/wp-blog-header.php): failed to open stream: No such file or directory in /home/darkesp1/api.darkespyt.in/public/index.php on line 46
[06-Jul-2023 16:55:03 UTC] PHP Fatal error:  require(): Failed opening required '/home/darkesp1/api.darkespyt.in/public/wp-blog-header.php' (include_path='.:/opt/cpanel/ea-php74/root/usr/share/pear') in /home/darkesp1/api.darkespyt.in/public/index.php on line 46
[06-Jul-2023 16:55:04 UTC] PHP Warning:  require(/home/darkesp1/api.darkespyt.in/public/wp-blog-header.php): failed to open stream: No such file or directory in /home/darkesp1/api.darkespyt.in/public/index.php on line 46
[06-Jul-2023 16:55:04 UTC] PHP Fatal error:  require(): Failed opening required '/home/darkesp1/api.darkespyt.in/public/wp-blog-header.php' (include_path='.:/opt/cpanel/ea-php74/root/usr/share/pear') in /home/darkesp1/api.darkespyt.in/public/index.php on line 46
[06-Jul-2023 16:55:07 UTC] PHP Warning:  require(/home/darkesp1/api.darkespyt.in/public/wp-blog-header.php): failed to open stream: No such file or directory in /home/darkesp1/api.darkespyt.in/public/index.php on line 46
[06-Jul-2023 16:55:07 UTC] PHP Fatal error:  require(): Failed opening required '/home/darkesp1/api.darkespyt.in/public/wp-blog-header.php' (include_path='.:/opt/cpanel/ea-php74/root/usr/share/pear') in /home/darkesp1/api.darkespyt.in/public/index.php on line 46
[06-Jul-2023 16:55:08 UTC] PHP Warning:  require(/home/darkesp1/api.darkespyt.in/public/wp-blog-header.php): failed to open stream: No such file or directory in /home/darkesp1/api.darkespyt.in/public/index.php on line 46
[06-Jul-2023 16:55:08 UTC] PHP Fatal error:  require(): Failed opening required '/home/darkesp1/api.darkespyt.in/public/wp-blog-header.php' (include_path='.:/opt/cpanel/ea-php74/root/usr/share/pear') in /home/darkesp1/api.darkespyt.in/public/index.php on line 46
[06-Jul-2023 16:55:10 UTC] PHP Warning:  require(/home/darkesp1/api.darkespyt.in/public/wp-blog-header.php): failed to open stream: No such file or directory in /home/darkesp1/api.darkespyt.in/public/index.php on line 46
[06-Jul-2023 16:55:10 UTC] PHP Fatal error:  require(): Failed opening required '/home/darkesp1/api.darkespyt.in/public/wp-blog-header.php' (include_path='.:/opt/cpanel/ea-php74/root/usr/share/pear') in /home/darkesp1/api.darkespyt.in/public/index.php on line 46
[06-Jul-2023 16:55:12 UTC] PHP Warning:  require(/home/darkesp1/api.darkespyt.in/public/wp-blog-header.php): failed to open stream: No such file or directory in /home/darkesp1/api.darkespyt.in/public/index.php on line 46
[06-Jul-2023 16:55:12 UTC] PHP Fatal error:  require(): Failed opening required '/home/darkesp1/api.darkespyt.in/public/wp-blog-header.php' (include_path='.:/opt/cpanel/ea-php74/root/usr/share/pear') in /home/darkesp1/api.darkespyt.in/public/index.php on line 46
[06-Jul-2023 16:55:20 UTC] PHP Warning:  require(/home/darkesp1/api.darkespyt.in/public/wp-blog-header.php): failed to open stream: No such file or directory in /home/darkesp1/api.darkespyt.in/public/index.php on line 46
[06-Jul-2023 16:55:20 UTC] PHP Fatal error:  require(): Failed opening required '/home/darkesp1/api.darkespyt.in/public/wp-blog-header.php' (include_path='.:/opt/cpanel/ea-php74/root/usr/share/pear') in /home/darkesp1/api.darkespyt.in/public/index.php on line 46
[06-Jul-2023 16:55:21 UTC] PHP Warning:  require(/home/darkesp1/api.darkespyt.in/public/wp-blog-header.php): failed to open stream: No such file or directory in /home/darkesp1/api.darkespyt.in/public/index.php on line 46
[06-Jul-2023 16:55:21 UTC] PHP Fatal error:  require(): Failed opening required '/home/darkesp1/api.darkespyt.in/public/wp-blog-header.php' (include_path='.:/opt/cpanel/ea-php74/root/usr/share/pear') in /home/darkesp1/api.darkespyt.in/public/index.php on line 46
[06-Jul-2023 16:55:23 UTC] PHP Warning:  require(/home/darkesp1/api.darkespyt.in/public/wp-blog-header.php): failed to open stream: No such file or directory in /home/darkesp1/api.darkespyt.in/public/index.php on line 46
[06-Jul-2023 16:55:23 UTC] PHP Fatal error:  require(): Failed opening required '/home/darkesp1/api.darkespyt.in/public/wp-blog-header.php' (include_path='.:/opt/cpanel/ea-php74/root/usr/share/pear') in /home/darkesp1/api.darkespyt.in/public/index.php on line 46
[06-Jul-2023 16:55:26 UTC] PHP Warning:  require(/home/darkesp1/api.darkespyt.in/public/wp-blog-header.php): failed to open stream: No such file or directory in /home/darkesp1/api.darkespyt.in/public/index.php on line 46
[06-Jul-2023 16:55:26 UTC] PHP Fatal error:  require(): Failed opening required '/home/darkesp1/api.darkespyt.in/public/wp-blog-header.php' (include_path='.:/opt/cpanel/ea-php74/root/usr/share/pear') in /home/darkesp1/api.darkespyt.in/public/index.php on line 46
[08-Jul-2023 21:14:39 UTC] PHP Warning:  require(/home/darkesp1/api.darkespyt.in/public/wp-blog-header.php): failed to open stream: No such file or directory in /home/darkesp1/api.darkespyt.in/public/index.php on line 46
[08-Jul-2023 21:14:39 UTC] PHP Fatal error:  require(): Failed opening required '/home/darkesp1/api.darkespyt.in/public/wp-blog-header.php' (include_path='.:/opt/cpanel/ea-php74/root/usr/share/pear') in /home/darkesp1/api.darkespyt.in/public/index.php on line 46
[08-Jul-2023 21:43:51 UTC] PHP Warning:  require(/home/darkesp1/api.darkespyt.in/public/wp-blog-header.php): failed to open stream: No such file or directory in /home/darkesp1/api.darkespyt.in/public/index.php on line 46
[08-Jul-2023 21:43:51 UTC] PHP Fatal error:  require(): Failed opening required '/home/darkesp1/api.darkespyt.in/public/wp-blog-header.php' (include_path='.:/opt/cpanel/ea-php74/root/usr/share/pear') in /home/darkesp1/api.darkespyt.in/public/index.php on line 46
[08-Jul-2023 21:44:02 UTC] PHP Warning:  require(/home/darkesp1/api.darkespyt.in/public/wp-blog-header.php): failed to open stream: No such file or directory in /home/darkesp1/api.darkespyt.in/public/index.php on line 46
[08-Jul-2023 21:44:02 UTC] PHP Fatal error:  require(): Failed opening required '/home/darkesp1/api.darkespyt.in/public/wp-blog-header.php' (include_path='.:/opt/cpanel/ea-php74/root/usr/share/pear') in /home/darkesp1/api.darkespyt.in/public/index.php on line 46
[08-Jul-2023 21:44:13 UTC] PHP Warning:  require(/home/darkesp1/api.darkespyt.in/public/wp-blog-header.php): failed to open stream: No such file or directory in /home/darkesp1/api.darkespyt.in/public/index.php on line 46
[08-Jul-2023 21:44:13 UTC] PHP Fatal error:  require(): Failed opening required '/home/darkesp1/api.darkespyt.in/public/wp-blog-header.php' (include_path='.:/opt/cpanel/ea-php74/root/usr/share/pear') in /home/darkesp1/api.darkespyt.in/public/index.php on line 46
[08-Jul-2023 22:00:42 UTC] PHP Warning:  require(/home/darkesp1/api.darkespyt.in/public/wp-blog-header.php): failed to open stream: No such file or directory in /home/darkesp1/api.darkespyt.in/public/index.php on line 46
[08-Jul-2023 22:00:42 UTC] PHP Fatal error:  require(): Failed opening required '/home/darkesp1/api.darkespyt.in/public/wp-blog-header.php' (include_path='.:/opt/cpanel/ea-php74/root/usr/share/pear') in /home/darkesp1/api.darkespyt.in/public/index.php on line 46
[08-Jul-2023 23:01:21 UTC] PHP Warning:  require(/home/darkesp1/api.darkespyt.in/public/wp-blog-header.php): failed to open stream: No such file or directory in /home/darkesp1/api.darkespyt.in/public/index.php on line 46
[08-Jul-2023 23:01:21 UTC] PHP Fatal error:  require(): Failed opening required '/home/darkesp1/api.darkespyt.in/public/wp-blog-header.php' (include_path='.:/opt/cpanel/ea-php74/root/usr/share/pear') in /home/darkesp1/api.darkespyt.in/public/index.php on line 46
[09-Jul-2023 14:34:46 UTC] PHP Warning:  require(/home/darkesp1/api.darkespyt.in/public/wp-blog-header.php): failed to open stream: No such file or directory in /home/darkesp1/api.darkespyt.in/public/index.php on line 46
[09-Jul-2023 14:34:46 UTC] PHP Fatal error:  require(): Failed opening required '/home/darkesp1/api.darkespyt.in/public/wp-blog-header.php' (include_path='.:/opt/cpanel/ea-php74/root/usr/share/pear') in /home/darkesp1/api.darkespyt.in/public/index.php on line 46
[09-Jul-2023 14:35:11 UTC] PHP Warning:  require(/home/darkesp1/api.darkespyt.in/public/wp-blog-header.php): failed to open stream: No such file or directory in /home/darkesp1/api.darkespyt.in/public/index.php on line 46
[09-Jul-2023 14:35:11 UTC] PHP Fatal error:  require(): Failed opening required '/home/darkesp1/api.darkespyt.in/public/wp-blog-header.php' (include_path='.:/opt/cpanel/ea-php74/root/usr/share/pear') in /home/darkesp1/api.darkespyt.in/public/index.php on line 46
[09-Jul-2023 14:35:15 UTC] PHP Warning:  require(/home/darkesp1/api.darkespyt.in/public/wp-blog-header.php): failed to open stream: No such file or directory in /home/darkesp1/api.darkespyt.in/public/index.php on line 46
[09-Jul-2023 14:35:15 UTC] PHP Fatal error:  require(): Failed opening required '/home/darkesp1/api.darkespyt.in/public/wp-blog-header.php' (include_path='.:/opt/cpanel/ea-php74/root/usr/share/pear') in /home/darkesp1/api.darkespyt.in/public/index.php on line 46
[10-Jul-2023 11:29:55 UTC] PHP Warning:  require(/home/darkesp1/api.darkespyt.in/public/wp-blog-header.php): failed to open stream: No such file or directory in /home/darkesp1/api.darkespyt.in/public/index.php on line 46
[10-Jul-2023 11:29:55 UTC] PHP Fatal error:  require(): Failed opening required '/home/darkesp1/api.darkespyt.in/public/wp-blog-header.php' (include_path='.:/opt/cpanel/ea-php74/root/usr/share/pear') in /home/darkesp1/api.darkespyt.in/public/index.php on line 46
[10-Jul-2023 11:29:56 UTC] PHP Warning:  require(/home/darkesp1/api.darkespyt.in/public/wp-blog-header.php): failed to open stream: No such file or directory in /home/darkesp1/api.darkespyt.in/public/index.php on line 46
[10-Jul-2023 11:29:56 UTC] PHP Fatal error:  require(): Failed opening required '/home/darkesp1/api.darkespyt.in/public/wp-blog-header.php' (include_path='.:/opt/cpanel/ea-php74/root/usr/share/pear') in /home/darkesp1/api.darkespyt.in/public/index.php on line 46
[10-Jul-2023 11:29:58 UTC] PHP Warning:  require(/home/darkesp1/api.darkespyt.in/public/wp-blog-header.php): failed to open stream: No such file or directory in /home/darkesp1/api.darkespyt.in/public/index.php on line 46
[10-Jul-2023 11:29:58 UTC] PHP Fatal error:  require(): Failed opening required '/home/darkesp1/api.darkespyt.in/public/wp-blog-header.php' (include_path='.:/opt/cpanel/ea-php74/root/usr/share/pear') in /home/darkesp1/api.darkespyt.in/public/index.php on line 46
[10-Jul-2023 11:30:00 UTC] PHP Warning:  require(/home/darkesp1/api.darkespyt.in/public/wp-blog-header.php): failed to open stream: No such file or directory in /home/darkesp1/api.darkespyt.in/public/index.php on line 46
[10-Jul-2023 11:30:00 UTC] PHP Fatal error:  require(): Failed opening required '/home/darkesp1/api.darkespyt.in/public/wp-blog-header.php' (include_path='.:/opt/cpanel/ea-php74/root/usr/share/pear') in /home/darkesp1/api.darkespyt.in/public/index.php on line 46
[10-Jul-2023 11:30:02 UTC] PHP Warning:  require(/home/darkesp1/api.darkespyt.in/public/wp-blog-header.php): failed to open stream: No such file or directory in /home/darkesp1/api.darkespyt.in/public/index.php on line 46
[10-Jul-2023 11:30:02 UTC] PHP Fatal error:  require(): Failed opening required '/home/darkesp1/api.darkespyt.in/public/wp-blog-header.php' (include_path='.:/opt/cpanel/ea-php74/root/usr/share/pear') in /home/darkesp1/api.darkespyt.in/public/index.php on line 46
[10-Jul-2023 11:30:03 UTC] PHP Warning:  require(/home/darkesp1/api.darkespyt.in/public/wp-blog-header.php): failed to open stream: No such file or directory in /home/darkesp1/api.darkespyt.in/public/index.php on line 46
[10-Jul-2023 11:30:03 UTC] PHP Fatal error:  require(): Failed opening required '/home/darkesp1/api.darkespyt.in/public/wp-blog-header.php' (include_path='.:/opt/cpanel/ea-php74/root/usr/share/pear') in /home/darkesp1/api.darkespyt.in/public/index.php on line 46
[10-Jul-2023 11:30:05 UTC] PHP Warning:  require(/home/darkesp1/api.darkespyt.in/public/wp-blog-header.php): failed to open stream: No such file or directory in /home/darkesp1/api.darkespyt.in/public/index.php on line 46
[10-Jul-2023 11:30:05 UTC] PHP Fatal error:  require(): Failed opening required '/home/darkesp1/api.darkespyt.in/public/wp-blog-header.php' (include_path='.:/opt/cpanel/ea-php74/root/usr/share/pear') in /home/darkesp1/api.darkespyt.in/public/index.php on line 46
[10-Jul-2023 11:30:13 UTC] PHP Warning:  require(/home/darkesp1/api.darkespyt.in/public/wp-blog-header.php): failed to open stream: No such file or directory in /home/darkesp1/api.darkespyt.in/public/index.php on line 46
[10-Jul-2023 11:30:13 UTC] PHP Fatal error:  require(): Failed opening required '/home/darkesp1/api.darkespyt.in/public/wp-blog-header.php' (include_path='.:/opt/cpanel/ea-php74/root/usr/share/pear') in /home/darkesp1/api.darkespyt.in/public/index.php on line 46
[10-Jul-2023 11:30:15 UTC] PHP Warning:  require(/home/darkesp1/api.darkespyt.in/public/wp-blog-header.php): failed to open stream: No such file or directory in /home/darkesp1/api.darkespyt.in/public/index.php on line 46
[10-Jul-2023 11:30:15 UTC] PHP Fatal error:  require(): Failed opening required '/home/darkesp1/api.darkespyt.in/public/wp-blog-header.php' (include_path='.:/opt/cpanel/ea-php74/root/usr/share/pear') in /home/darkesp1/api.darkespyt.in/public/index.php on line 46
[10-Jul-2023 11:30:18 UTC] PHP Warning:  require(/home/darkesp1/api.darkespyt.in/public/wp-blog-header.php): failed to open stream: No such file or directory in /home/darkesp1/api.darkespyt.in/public/index.php on line 46
[10-Jul-2023 11:30:18 UTC] PHP Fatal error:  require(): Failed opening required '/home/darkesp1/api.darkespyt.in/public/wp-blog-header.php' (include_path='.:/opt/cpanel/ea-php74/root/usr/share/pear') in /home/darkesp1/api.darkespyt.in/public/index.php on line 46
[10-Jul-2023 11:30:20 UTC] PHP Warning:  require(/home/darkesp1/api.darkespyt.in/public/wp-blog-header.php): failed to open stream: No such file or directory in /home/darkesp1/api.darkespyt.in/public/index.php on line 46
[10-Jul-2023 11:30:20 UTC] PHP Fatal error:  require(): Failed opening required '/home/darkesp1/api.darkespyt.in/public/wp-blog-header.php' (include_path='.:/opt/cpanel/ea-php74/root/usr/share/pear') in /home/darkesp1/api.darkespyt.in/public/index.php on line 46
[11-Jul-2023 05:42:07 UTC] PHP Warning:  require(/home/darkesp1/api.darkespyt.in/public/wp-blog-header.php): failed to open stream: No such file or directory in /home/darkesp1/api.darkespyt.in/public/index.php on line 46
[11-Jul-2023 05:42:07 UTC] PHP Fatal error:  require(): Failed opening required '/home/darkesp1/api.darkespyt.in/public/wp-blog-header.php' (include_path='.:/opt/cpanel/ea-php74/root/usr/share/pear') in /home/darkesp1/api.darkespyt.in/public/index.php on line 46
[11-Jul-2023 05:42:08 UTC] PHP Warning:  require(/home/darkesp1/api.darkespyt.in/public/wp-blog-header.php): failed to open stream: No such file or directory in /home/darkesp1/api.darkespyt.in/public/index.php on line 46
[11-Jul-2023 05:42:08 UTC] PHP Fatal error:  require(): Failed opening required '/home/darkesp1/api.darkespyt.in/public/wp-blog-header.php' (include_path='.:/opt/cpanel/ea-php74/root/usr/share/pear') in /home/darkesp1/api.darkespyt.in/public/index.php on line 46
[11-Jul-2023 05:42:10 UTC] PHP Warning:  require(/home/darkesp1/api.darkespyt.in/public/wp-blog-header.php): failed to open stream: No such file or directory in /home/darkesp1/api.darkespyt.in/public/index.php on line 46
[11-Jul-2023 05:42:10 UTC] PHP Fatal error:  require(): Failed opening required '/home/darkesp1/api.darkespyt.in/public/wp-blog-header.php' (include_path='.:/opt/cpanel/ea-php74/root/usr/share/pear') in /home/darkesp1/api.darkespyt.in/public/index.php on line 46
[11-Jul-2023 05:42:11 UTC] PHP Warning:  require(/home/darkesp1/api.darkespyt.in/public/wp-blog-header.php): failed to open stream: No such file or directory in /home/darkesp1/api.darkespyt.in/public/index.php on line 46
[11-Jul-2023 05:42:11 UTC] PHP Fatal error:  require(): Failed opening required '/home/darkesp1/api.darkespyt.in/public/wp-blog-header.php' (include_path='.:/opt/cpanel/ea-php74/root/usr/share/pear') in /home/darkesp1/api.darkespyt.in/public/index.php on line 46
[11-Jul-2023 05:42:12 UTC] PHP Warning:  require(/home/darkesp1/api.darkespyt.in/public/wp-blog-header.php): failed to open stream: No such file or directory in /home/darkesp1/api.darkespyt.in/public/index.php on line 46
[11-Jul-2023 05:42:12 UTC] PHP Fatal error:  require(): Failed opening required '/home/darkesp1/api.darkespyt.in/public/wp-blog-header.php' (include_path='.:/opt/cpanel/ea-php74/root/usr/share/pear') in /home/darkesp1/api.darkespyt.in/public/index.php on line 46
[11-Jul-2023 05:42:13 UTC] PHP Warning:  require(/home/darkesp1/api.darkespyt.in/public/wp-blog-header.php): failed to open stream: No such file or directory in /home/darkesp1/api.darkespyt.in/public/index.php on line 46
[11-Jul-2023 05:42:13 UTC] PHP Fatal error:  require(): Failed opening required '/home/darkesp1/api.darkespyt.in/public/wp-blog-header.php' (include_path='.:/opt/cpanel/ea-php74/root/usr/share/pear') in /home/darkesp1/api.darkespyt.in/public/index.php on line 46
[11-Jul-2023 05:42:14 UTC] PHP Warning:  require(/home/darkesp1/api.darkespyt.in/public/wp-blog-header.php): failed to open stream: No such file or directory in /home/darkesp1/api.darkespyt.in/public/index.php on line 46
[11-Jul-2023 05:42:14 UTC] PHP Fatal error:  require(): Failed opening required '/home/darkesp1/api.darkespyt.in/public/wp-blog-header.php' (include_path='.:/opt/cpanel/ea-php74/root/usr/share/pear') in /home/darkesp1/api.darkespyt.in/public/index.php on line 46
[11-Jul-2023 05:42:16 UTC] PHP Warning:  require(/home/darkesp1/api.darkespyt.in/public/wp-blog-header.php): failed to open stream: No such file or directory in /home/darkesp1/api.darkespyt.in/public/index.php on line 46
[11-Jul-2023 05:42:16 UTC] PHP Fatal error:  require(): Failed opening required '/home/darkesp1/api.darkespyt.in/public/wp-blog-header.php' (include_path='.:/opt/cpanel/ea-php74/root/usr/share/pear') in /home/darkesp1/api.darkespyt.in/public/index.php on line 46
[11-Jul-2023 05:42:17 UTC] PHP Warning:  require(/home/darkesp1/api.darkespyt.in/public/wp-blog-header.php): failed to open stream: No such file or directory in /home/darkesp1/api.darkespyt.in/public/index.php on line 46
[11-Jul-2023 05:42:17 UTC] PHP Fatal error:  require(): Failed opening required '/home/darkesp1/api.darkespyt.in/public/wp-blog-header.php' (include_path='.:/opt/cpanel/ea-php74/root/usr/share/pear') in /home/darkesp1/api.darkespyt.in/public/index.php on line 46
[11-Jul-2023 05:46:29 UTC] PHP Warning:  require(/home/darkesp1/api.darkespyt.in/public/wp-blog-header.php): failed to open stream: No such file or directory in /home/darkesp1/api.darkespyt.in/public/index.php on line 46
[11-Jul-2023 05:46:29 UTC] PHP Fatal error:  require(): Failed opening required '/home/darkesp1/api.darkespyt.in/public/wp-blog-header.php' (include_path='.:/opt/cpanel/ea-php74/root/usr/share/pear') in /home/darkesp1/api.darkespyt.in/public/index.php on line 46
[11-Jul-2023 05:46:32 UTC] PHP Warning:  require(/home/darkesp1/api.darkespyt.in/public/wp-blog-header.php): failed to open stream: No such file or directory in /home/darkesp1/api.darkespyt.in/public/index.php on line 46
[11-Jul-2023 05:46:32 UTC] PHP Fatal error:  require(): Failed opening required '/home/darkesp1/api.darkespyt.in/public/wp-blog-header.php' (include_path='.:/opt/cpanel/ea-php74/root/usr/share/pear') in /home/darkesp1/api.darkespyt.in/public/index.php on line 46
[11-Jul-2023 05:46:33 UTC] PHP Warning:  require(/home/darkesp1/api.darkespyt.in/public/wp-blog-header.php): failed to open stream: No such file or directory in /home/darkesp1/api.darkespyt.in/public/index.php on line 46
[11-Jul-2023 05:46:33 UTC] PHP Fatal error:  require(): Failed opening required '/home/darkesp1/api.darkespyt.in/public/wp-blog-header.php' (include_path='.:/opt/cpanel/ea-php74/root/usr/share/pear') in /home/darkesp1/api.darkespyt.in/public/index.php on line 46
[11-Jul-2023 05:46:34 UTC] PHP Warning:  require(/home/darkesp1/api.darkespyt.in/public/wp-blog-header.php): failed to open stream: No such file or directory in /home/darkesp1/api.darkespyt.in/public/index.php on line 46
[11-Jul-2023 05:46:34 UTC] PHP Fatal error:  require(): Failed opening required '/home/darkesp1/api.darkespyt.in/public/wp-blog-header.php' (include_path='.:/opt/cpanel/ea-php74/root/usr/share/pear') in /home/darkesp1/api.darkespyt.in/public/index.php on line 46
[11-Jul-2023 05:46:35 UTC] PHP Warning:  require(/home/darkesp1/api.darkespyt.in/public/wp-blog-header.php): failed to open stream: No such file or directory in /home/darkesp1/api.darkespyt.in/public/index.php on line 46
[11-Jul-2023 05:46:35 UTC] PHP Fatal error:  require(): Failed opening required '/home/darkesp1/api.darkespyt.in/public/wp-blog-header.php' (include_path='.:/opt/cpanel/ea-php74/root/usr/share/pear') in /home/darkesp1/api.darkespyt.in/public/index.php on line 46
[11-Jul-2023 05:46:37 UTC] PHP Warning:  require(/home/darkesp1/api.darkespyt.in/public/wp-blog-header.php): failed to open stream: No such file or directory in /home/darkesp1/api.darkespyt.in/public/index.php on line 46
[11-Jul-2023 05:46:37 UTC] PHP Fatal error:  require(): Failed opening required '/home/darkesp1/api.darkespyt.in/public/wp-blog-header.php' (include_path='.:/opt/cpanel/ea-php74/root/usr/share/pear') in /home/darkesp1/api.darkespyt.in/public/index.php on line 46
[11-Jul-2023 05:46:38 UTC] PHP Warning:  require(/home/darkesp1/api.darkespyt.in/public/wp-blog-header.php): failed to open stream: No such file or directory in /home/darkesp1/api.darkespyt.in/public/index.php on line 46
[11-Jul-2023 05:46:38 UTC] PHP Fatal error:  require(): Failed opening required '/home/darkesp1/api.darkespyt.in/public/wp-blog-header.php' (include_path='.:/opt/cpanel/ea-php74/root/usr/share/pear') in /home/darkesp1/api.darkespyt.in/public/index.php on line 46
[11-Jul-2023 05:46:39 UTC] PHP Warning:  require(/home/darkesp1/api.darkespyt.in/public/wp-blog-header.php): failed to open stream: No such file or directory in /home/darkesp1/api.darkespyt.in/public/index.php on line 46
[11-Jul-2023 05:46:39 UTC] PHP Fatal error:  require(): Failed opening required '/home/darkesp1/api.darkespyt.in/public/wp-blog-header.php' (include_path='.:/opt/cpanel/ea-php74/root/usr/share/pear') in /home/darkesp1/api.darkespyt.in/public/index.php on line 46
[11-Jul-2023 05:46:40 UTC] PHP Warning:  require(/home/darkesp1/api.darkespyt.in/public/wp-blog-header.php): failed to open stream: No such file or directory in /home/darkesp1/api.darkespyt.in/public/index.php on line 46
[11-Jul-2023 05:46:40 UTC] PHP Fatal error:  require(): Failed opening required '/home/darkesp1/api.darkespyt.in/public/wp-blog-header.php' (include_path='.:/opt/cpanel/ea-php74/root/usr/share/pear') in /home/darkesp1/api.darkespyt.in/public/index.php on line 46
[11-Jul-2023 05:46:42 UTC] PHP Warning:  require(/home/darkesp1/api.darkespyt.in/public/wp-blog-header.php): failed to open stream: No such file or directory in /home/darkesp1/api.darkespyt.in/public/index.php on line 46
[11-Jul-2023 05:46:42 UTC] PHP Fatal error:  require(): Failed opening required '/home/darkesp1/api.darkespyt.in/public/wp-blog-header.php' (include_path='.:/opt/cpanel/ea-php74/root/usr/share/pear') in /home/darkesp1/api.darkespyt.in/public/index.php on line 46
[11-Jul-2023 05:46:56 UTC] PHP Warning:  require(/home/darkesp1/api.darkespyt.in/public/wp-blog-header.php): failed to open stream: No such file or directory in /home/darkesp1/api.darkespyt.in/public/index.php on line 46
[11-Jul-2023 05:46:56 UTC] PHP Fatal error:  require(): Failed opening required '/home/darkesp1/api.darkespyt.in/public/wp-blog-header.php' (include_path='.:/opt/cpanel/ea-php74/root/usr/share/pear') in /home/darkesp1/api.darkespyt.in/public/index.php on line 46
[11-Jul-2023 05:46:57 UTC] PHP Warning:  require(/home/darkesp1/api.darkespyt.in/public/wp-blog-header.php): failed to open stream: No such file or directory in /home/darkesp1/api.darkespyt.in/public/index.php on line 46
[11-Jul-2023 05:46:57 UTC] PHP Fatal error:  require(): Failed opening required '/home/darkesp1/api.darkespyt.in/public/wp-blog-header.php' (include_path='.:/opt/cpanel/ea-php74/root/usr/share/pear') in /home/darkesp1/api.darkespyt.in/public/index.php on line 46
[11-Jul-2023 05:46:58 UTC] PHP Warning:  require(/home/darkesp1/api.darkespyt.in/public/wp-blog-header.php): failed to open stream: No such file or directory in /home/darkesp1/api.darkespyt.in/public/index.php on line 46
[11-Jul-2023 05:46:58 UTC] PHP Fatal error:  require(): Failed opening required '/home/darkesp1/api.darkespyt.in/public/wp-blog-header.php' (include_path='.:/opt/cpanel/ea-php74/root/usr/share/pear') in /home/darkesp1/api.darkespyt.in/public/index.php on line 46
[11-Jul-2023 05:46:59 UTC] PHP Warning:  require(/home/darkesp1/api.darkespyt.in/public/wp-blog-header.php): failed to open stream: No such file or directory in /home/darkesp1/api.darkespyt.in/public/index.php on line 46
[11-Jul-2023 05:46:59 UTC] PHP Fatal error:  require(): Failed opening required '/home/darkesp1/api.darkespyt.in/public/wp-blog-header.php' (include_path='.:/opt/cpanel/ea-php74/root/usr/share/pear') in /home/darkesp1/api.darkespyt.in/public/index.php on line 46
[11-Jul-2023 05:47:01 UTC] PHP Warning:  require(/home/darkesp1/api.darkespyt.in/public/wp-blog-header.php): failed to open stream: No such file or directory in /home/darkesp1/api.darkespyt.in/public/index.php on line 46
[11-Jul-2023 05:47:01 UTC] PHP Fatal error:  require(): Failed opening required '/home/darkesp1/api.darkespyt.in/public/wp-blog-header.php' (include_path='.:/opt/cpanel/ea-php74/root/usr/share/pear') in /home/darkesp1/api.darkespyt.in/public/index.php on line 46
[11-Jul-2023 05:47:02 UTC] PHP Warning:  require(/home/darkesp1/api.darkespyt.in/public/wp-blog-header.php): failed to open stream: No such file or directory in /home/darkesp1/api.darkespyt.in/public/index.php on line 46
[11-Jul-2023 05:47:02 UTC] PHP Fatal error:  require(): Failed opening required '/home/darkesp1/api.darkespyt.in/public/wp-blog-header.php' (include_path='.:/opt/cpanel/ea-php74/root/usr/share/pear') in /home/darkesp1/api.darkespyt.in/public/index.php on line 46
[11-Jul-2023 05:47:03 UTC] PHP Warning:  require(/home/darkesp1/api.darkespyt.in/public/wp-blog-header.php): failed to open stream: No such file or directory in /home/darkesp1/api.darkespyt.in/public/index.php on line 46
[11-Jul-2023 05:47:03 UTC] PHP Fatal error:  require(): Failed opening required '/home/darkesp1/api.darkespyt.in/public/wp-blog-header.php' (include_path='.:/opt/cpanel/ea-php74/root/usr/share/pear') in /home/darkesp1/api.darkespyt.in/public/index.php on line 46
[11-Jul-2023 05:47:04 UTC] PHP Warning:  require(/home/darkesp1/api.darkespyt.in/public/wp-blog-header.php): failed to open stream: No such file or directory in /home/darkesp1/api.darkespyt.in/public/index.php on line 46
[11-Jul-2023 05:47:04 UTC] PHP Fatal error:  require(): Failed opening required '/home/darkesp1/api.darkespyt.in/public/wp-blog-header.php' (include_path='.:/opt/cpanel/ea-php74/root/usr/share/pear') in /home/darkesp1/api.darkespyt.in/public/index.php on line 46
[11-Jul-2023 05:47:05 UTC] PHP Warning:  require(/home/darkesp1/api.darkespyt.in/public/wp-blog-header.php): failed to open stream: No such file or directory in /home/darkesp1/api.darkespyt.in/public/index.php on line 46
[11-Jul-2023 05:47:05 UTC] PHP Fatal error:  require(): Failed opening required '/home/darkesp1/api.darkespyt.in/public/wp-blog-header.php' (include_path='.:/opt/cpanel/ea-php74/root/usr/share/pear') in /home/darkesp1/api.darkespyt.in/public/index.php on line 46
[11-Jul-2023 05:47:07 UTC] PHP Warning:  require(/home/darkesp1/api.darkespyt.in/public/wp-blog-header.php): failed to open stream: No such file or directory in /home/darkesp1/api.darkespyt.in/public/index.php on line 46
[11-Jul-2023 05:47:07 UTC] PHP Fatal error:  require(): Failed opening required '/home/darkesp1/api.darkespyt.in/public/wp-blog-header.php' (include_path='.:/opt/cpanel/ea-php74/root/usr/share/pear') in /home/darkesp1/api.darkespyt.in/public/index.php on line 46
[11-Jul-2023 05:47:26 UTC] PHP Warning:  require(/home/darkesp1/api.darkespyt.in/public/wp-blog-header.php): failed to open stream: No such file or directory in /home/darkesp1/api.darkespyt.in/public/index.php on line 46
[11-Jul-2023 05:47:26 UTC] PHP Fatal error:  require(): Failed opening required '/home/darkesp1/api.darkespyt.in/public/wp-blog-header.php' (include_path='.:/opt/cpanel/ea-php74/root/usr/share/pear') in /home/darkesp1/api.darkespyt.in/public/index.php on line 46
[11-Jul-2023 05:47:27 UTC] PHP Warning:  require(/home/darkesp1/api.darkespyt.in/public/wp-blog-header.php): failed to open stream: No such file or directory in /home/darkesp1/api.darkespyt.in/public/index.php on line 46
[11-Jul-2023 05:47:27 UTC] PHP Fatal error:  require(): Failed opening required '/home/darkesp1/api.darkespyt.in/public/wp-blog-header.php' (include_path='.:/opt/cpanel/ea-php74/root/usr/share/pear') in /home/darkesp1/api.darkespyt.in/public/index.php on line 46
[11-Jul-2023 05:47:29 UTC] PHP Warning:  require(/home/darkesp1/api.darkespyt.in/public/wp-blog-header.php): failed to open stream: No such file or directory in /home/darkesp1/api.darkespyt.in/public/index.php on line 46
[11-Jul-2023 05:47:29 UTC] PHP Fatal error:  require(): Failed opening required '/home/darkesp1/api.darkespyt.in/public/wp-blog-header.php' (include_path='.:/opt/cpanel/ea-php74/root/usr/share/pear') in /home/darkesp1/api.darkespyt.in/public/index.php on line 46
[11-Jul-2023 05:47:30 UTC] PHP Warning:  require(/home/darkesp1/api.darkespyt.in/public/wp-blog-header.php): failed to open stream: No such file or directory in /home/darkesp1/api.darkespyt.in/public/index.php on line 46
[11-Jul-2023 05:47:30 UTC] PHP Fatal error:  require(): Failed opening required '/home/darkesp1/api.darkespyt.in/public/wp-blog-header.php' (include_path='.:/opt/cpanel/ea-php74/root/usr/share/pear') in /home/darkesp1/api.darkespyt.in/public/index.php on line 46
[11-Jul-2023 05:47:31 UTC] PHP Warning:  require(/home/darkesp1/api.darkespyt.in/public/wp-blog-header.php): failed to open stream: No such file or directory in /home/darkesp1/api.darkespyt.in/public/index.php on line 46
[11-Jul-2023 05:47:31 UTC] PHP Fatal error:  require(): Failed opening required '/home/darkesp1/api.darkespyt.in/public/wp-blog-header.php' (include_path='.:/opt/cpanel/ea-php74/root/usr/share/pear') in /home/darkesp1/api.darkespyt.in/public/index.php on line 46
[11-Jul-2023 05:47:32 UTC] PHP Warning:  require(/home/darkesp1/api.darkespyt.in/public/wp-blog-header.php): failed to open stream: No such file or directory in /home/darkesp1/api.darkespyt.in/public/index.php on line 46
[11-Jul-2023 05:47:32 UTC] PHP Fatal error:  require(): Failed opening required '/home/darkesp1/api.darkespyt.in/public/wp-blog-header.php' (include_path='.:/opt/cpanel/ea-php74/root/usr/share/pear') in /home/darkesp1/api.darkespyt.in/public/index.php on line 46
[11-Jul-2023 05:47:34 UTC] PHP Warning:  require(/home/darkesp1/api.darkespyt.in/public/wp-blog-header.php): failed to open stream: No such file or directory in /home/darkesp1/api.darkespyt.in/public/index.php on line 46
[11-Jul-2023 05:47:34 UTC] PHP Fatal error:  require(): Failed opening required '/home/darkesp1/api.darkespyt.in/public/wp-blog-header.php' (include_path='.:/opt/cpanel/ea-php74/root/usr/share/pear') in /home/darkesp1/api.darkespyt.in/public/index.php on line 46
[11-Jul-2023 05:47:35 UTC] PHP Warning:  require(/home/darkesp1/api.darkespyt.in/public/wp-blog-header.php): failed to open stream: No such file or directory in /home/darkesp1/api.darkespyt.in/public/index.php on line 46
[11-Jul-2023 05:47:35 UTC] PHP Fatal error:  require(): Failed opening required '/home/darkesp1/api.darkespyt.in/public/wp-blog-header.php' (include_path='.:/opt/cpanel/ea-php74/root/usr/share/pear') in /home/darkesp1/api.darkespyt.in/public/index.php on line 46
[11-Jul-2023 05:47:36 UTC] PHP Warning:  require(/home/darkesp1/api.darkespyt.in/public/wp-blog-header.php): failed to open stream: No such file or directory in /home/darkesp1/api.darkespyt.in/public/index.php on line 46
[11-Jul-2023 05:47:36 UTC] PHP Fatal error:  require(): Failed opening required '/home/darkesp1/api.darkespyt.in/public/wp-blog-header.php' (include_path='.:/opt/cpanel/ea-php74/root/usr/share/pear') in /home/darkesp1/api.darkespyt.in/public/index.php on line 46
[11-Jul-2023 05:47:37 UTC] PHP Warning:  require(/home/darkesp1/api.darkespyt.in/public/wp-blog-header.php): failed to open stream: No such file or directory in /home/darkesp1/api.darkespyt.in/public/index.php on line 46
[11-Jul-2023 05:47:37 UTC] PHP Fatal error:  require(): Failed opening required '/home/darkesp1/api.darkespyt.in/public/wp-blog-header.php' (include_path='.:/opt/cpanel/ea-php74/root/usr/share/pear') in /home/darkesp1/api.darkespyt.in/public/index.php on line 46
[11-Jul-2023 05:49:07 UTC] PHP Warning:  require(/home/darkesp1/api.darkespyt.in/public/wp-blog-header.php): failed to open stream: No such file or directory in /home/darkesp1/api.darkespyt.in/public/index.php on line 46
[11-Jul-2023 05:49:07 UTC] PHP Fatal error:  require(): Failed opening required '/home/darkesp1/api.darkespyt.in/public/wp-blog-header.php' (include_path='.:/opt/cpanel/ea-php74/root/usr/share/pear') in /home/darkesp1/api.darkespyt.in/public/index.php on line 46
[11-Jul-2023 05:49:08 UTC] PHP Warning:  require(/home/darkesp1/api.darkespyt.in/public/wp-blog-header.php): failed to open stream: No such file or directory in /home/darkesp1/api.darkespyt.in/public/index.php on line 46
[11-Jul-2023 05:49:08 UTC] PHP Fatal error:  require(): Failed opening required '/home/darkesp1/api.darkespyt.in/public/wp-blog-header.php' (include_path='.:/opt/cpanel/ea-php74/root/usr/share/pear') in /home/darkesp1/api.darkespyt.in/public/index.php on line 46
[11-Jul-2023 05:49:09 UTC] PHP Warning:  require(/home/darkesp1/api.darkespyt.in/public/wp-blog-header.php): failed to open stream: No such file or directory in /home/darkesp1/api.darkespyt.in/public/index.php on line 46
[11-Jul-2023 05:49:09 UTC] PHP Fatal error:  require(): Failed opening required '/home/darkesp1/api.darkespyt.in/public/wp-blog-header.php' (include_path='.:/opt/cpanel/ea-php74/root/usr/share/pear') in /home/darkesp1/api.darkespyt.in/public/index.php on line 46
[11-Jul-2023 05:49:11 UTC] PHP Warning:  require(/home/darkesp1/api.darkespyt.in/public/wp-blog-header.php): failed to open stream: No such file or directory in /home/darkesp1/api.darkespyt.in/public/index.php on line 46
[11-Jul-2023 05:49:11 UTC] PHP Fatal error:  require(): Failed opening required '/home/darkesp1/api.darkespyt.in/public/wp-blog-header.php' (include_path='.:/opt/cpanel/ea-php74/root/usr/share/pear') in /home/darkesp1/api.darkespyt.in/public/index.php on line 46
[11-Jul-2023 05:49:12 UTC] PHP Warning:  require(/home/darkesp1/api.darkespyt.in/public/wp-blog-header.php): failed to open stream: No such file or directory in /home/darkesp1/api.darkespyt.in/public/index.php on line 46
[11-Jul-2023 05:49:12 UTC] PHP Fatal error:  require(): Failed opening required '/home/darkesp1/api.darkespyt.in/public/wp-blog-header.php' (include_path='.:/opt/cpanel/ea-php74/root/usr/share/pear') in /home/darkesp1/api.darkespyt.in/public/index.php on line 46
[11-Jul-2023 05:49:13 UTC] PHP Warning:  require(/home/darkesp1/api.darkespyt.in/public/wp-blog-header.php): failed to open stream: No such file or directory in /home/darkesp1/api.darkespyt.in/public/index.php on line 46
[11-Jul-2023 05:49:13 UTC] PHP Fatal error:  require(): Failed opening required '/home/darkesp1/api.darkespyt.in/public/wp-blog-header.php' (include_path='.:/opt/cpanel/ea-php74/root/usr/share/pear') in /home/darkesp1/api.darkespyt.in/public/index.php on line 46
[11-Jul-2023 05:49:14 UTC] PHP Warning:  require(/home/darkesp1/api.darkespyt.in/public/wp-blog-header.php): failed to open stream: No such file or directory in /home/darkesp1/api.darkespyt.in/public/index.php on line 46
[11-Jul-2023 05:49:14 UTC] PHP Fatal error:  require(): Failed opening required '/home/darkesp1/api.darkespyt.in/public/wp-blog-header.php' (include_path='.:/opt/cpanel/ea-php74/root/usr/share/pear') in /home/darkesp1/api.darkespyt.in/public/index.php on line 46
[11-Jul-2023 05:49:16 UTC] PHP Warning:  require(/home/darkesp1/api.darkespyt.in/public/wp-blog-header.php): failed to open stream: No such file or directory in /home/darkesp1/api.darkespyt.in/public/index.php on line 46
[11-Jul-2023 05:49:16 UTC] PHP Fatal error:  require(): Failed opening required '/home/darkesp1/api.darkespyt.in/public/wp-blog-header.php' (include_path='.:/opt/cpanel/ea-php74/root/usr/share/pear') in /home/darkesp1/api.darkespyt.in/public/index.php on line 46
[11-Jul-2023 05:50:48 UTC] PHP Warning:  require(/home/darkesp1/api.darkespyt.in/public/wp-blog-header.php): failed to open stream: No such file or directory in /home/darkesp1/api.darkespyt.in/public/index.php on line 46
[11-Jul-2023 05:50:48 UTC] PHP Fatal error:  require(): Failed opening required '/home/darkesp1/api.darkespyt.in/public/wp-blog-header.php' (include_path='.:/opt/cpanel/ea-php74/root/usr/share/pear') in /home/darkesp1/api.darkespyt.in/public/index.php on line 46
[11-Jul-2023 05:50:49 UTC] PHP Warning:  require(/home/darkesp1/api.darkespyt.in/public/wp-blog-header.php): failed to open stream: No such file or directory in /home/darkesp1/api.darkespyt.in/public/index.php on line 46
[11-Jul-2023 05:50:49 UTC] PHP Fatal error:  require(): Failed opening required '/home/darkesp1/api.darkespyt.in/public/wp-blog-header.php' (include_path='.:/opt/cpanel/ea-php74/root/usr/share/pear') in /home/darkesp1/api.darkespyt.in/public/index.php on line 46
[11-Jul-2023 05:50:51 UTC] PHP Warning:  require(/home/darkesp1/api.darkespyt.in/public/wp-blog-header.php): failed to open stream: No such file or directory in /home/darkesp1/api.darkespyt.in/public/index.php on line 46
[11-Jul-2023 05:50:51 UTC] PHP Fatal error:  require(): Failed opening required '/home/darkesp1/api.darkespyt.in/public/wp-blog-header.php' (include_path='.:/opt/cpanel/ea-php74/root/usr/share/pear') in /home/darkesp1/api.darkespyt.in/public/index.php on line 46
[11-Jul-2023 05:50:52 UTC] PHP Warning:  require(/home/darkesp1/api.darkespyt.in/public/wp-blog-header.php): failed to open stream: No such file or directory in /home/darkesp1/api.darkespyt.in/public/index.php on line 46
[11-Jul-2023 05:50:52 UTC] PHP Fatal error:  require(): Failed opening required '/home/darkesp1/api.darkespyt.in/public/wp-blog-header.php' (include_path='.:/opt/cpanel/ea-php74/root/usr/share/pear') in /home/darkesp1/api.darkespyt.in/public/index.php on line 46
[11-Jul-2023 05:50:53 UTC] PHP Warning:  require(/home/darkesp1/api.darkespyt.in/public/wp-blog-header.php): failed to open stream: No such file or directory in /home/darkesp1/api.darkespyt.in/public/index.php on line 46
[11-Jul-2023 05:50:53 UTC] PHP Fatal error:  require(): Failed opening required '/home/darkesp1/api.darkespyt.in/public/wp-blog-header.php' (include_path='.:/opt/cpanel/ea-php74/root/usr/share/pear') in /home/darkesp1/api.darkespyt.in/public/index.php on line 46
[11-Jul-2023 05:50:54 UTC] PHP Warning:  require(/home/darkesp1/api.darkespyt.in/public/wp-blog-header.php): failed to open stream: No such file or directory in /home/darkesp1/api.darkespyt.in/public/index.php on line 46
[11-Jul-2023 05:50:54 UTC] PHP Fatal error:  require(): Failed opening required '/home/darkesp1/api.darkespyt.in/public/wp-blog-header.php' (include_path='.:/opt/cpanel/ea-php74/root/usr/share/pear') in /home/darkesp1/api.darkespyt.in/public/index.php on line 46
[11-Jul-2023 05:50:55 UTC] PHP Warning:  require(/home/darkesp1/api.darkespyt.in/public/wp-blog-header.php): failed to open stream: No such file or directory in /home/darkesp1/api.darkespyt.in/public/index.php on line 46
[11-Jul-2023 05:50:55 UTC] PHP Fatal error:  require(): Failed opening required '/home/darkesp1/api.darkespyt.in/public/wp-blog-header.php' (include_path='.:/opt/cpanel/ea-php74/root/usr/share/pear') in /home/darkesp1/api.darkespyt.in/public/index.php on line 46
[11-Jul-2023 08:11:48 UTC] PHP Warning:  require(/home/darkesp1/api.darkespyt.in/public/wp-blog-header.php): failed to open stream: No such file or directory in /home/darkesp1/api.darkespyt.in/public/index.php on line 46
[11-Jul-2023 08:11:48 UTC] PHP Fatal error:  require(): Failed opening required '/home/darkesp1/api.darkespyt.in/public/wp-blog-header.php' (include_path='.:/opt/cpanel/ea-php74/root/usr/share/pear') in /home/darkesp1/api.darkespyt.in/public/index.php on line 46
[11-Jul-2023 08:11:49 UTC] PHP Warning:  require(/home/darkesp1/api.darkespyt.in/public/wp-blog-header.php): failed to open stream: No such file or directory in /home/darkesp1/api.darkespyt.in/public/index.php on line 46
[11-Jul-2023 08:11:49 UTC] PHP Fatal error:  require(): Failed opening required '/home/darkesp1/api.darkespyt.in/public/wp-blog-header.php' (include_path='.:/opt/cpanel/ea-php74/root/usr/share/pear') in /home/darkesp1/api.darkespyt.in/public/index.php on line 46
[11-Jul-2023 08:11:51 UTC] PHP Warning:  require(/home/darkesp1/api.darkespyt.in/public/wp-blog-header.php): failed to open stream: No such file or directory in /home/darkesp1/api.darkespyt.in/public/index.php on line 46
[11-Jul-2023 08:11:51 UTC] PHP Fatal error:  require(): Failed opening required '/home/darkesp1/api.darkespyt.in/public/wp-blog-header.php' (include_path='.:/opt/cpanel/ea-php74/root/usr/share/pear') in /home/darkesp1/api.darkespyt.in/public/index.php on line 46
[11-Jul-2023 08:11:53 UTC] PHP Warning:  require(/home/darkesp1/api.darkespyt.in/public/wp-blog-header.php): failed to open stream: No such file or directory in /home/darkesp1/api.darkespyt.in/public/index.php on line 46
[11-Jul-2023 08:11:53 UTC] PHP Fatal error:  require(): Failed opening required '/home/darkesp1/api.darkespyt.in/public/wp-blog-header.php' (include_path='.:/opt/cpanel/ea-php74/root/usr/share/pear') in /home/darkesp1/api.darkespyt.in/public/index.php on line 46
[11-Jul-2023 08:11:55 UTC] PHP Warning:  require(/home/darkesp1/api.darkespyt.in/public/wp-blog-header.php): failed to open stream: No such file or directory in /home/darkesp1/api.darkespyt.in/public/index.php on line 46
[11-Jul-2023 08:11:55 UTC] PHP Fatal error:  require(): Failed opening required '/home/darkesp1/api.darkespyt.in/public/wp-blog-header.php' (include_path='.:/opt/cpanel/ea-php74/root/usr/share/pear') in /home/darkesp1/api.darkespyt.in/public/index.php on line 46
[11-Jul-2023 08:11:56 UTC] PHP Warning:  require(/home/darkesp1/api.darkespyt.in/public/wp-blog-header.php): failed to open stream: No such file or directory in /home/darkesp1/api.darkespyt.in/public/index.php on line 46
[11-Jul-2023 08:11:56 UTC] PHP Fatal error:  require(): Failed opening required '/home/darkesp1/api.darkespyt.in/public/wp-blog-header.php' (include_path='.:/opt/cpanel/ea-php74/root/usr/share/pear') in /home/darkesp1/api.darkespyt.in/public/index.php on line 46
[11-Jul-2023 08:11:58 UTC] PHP Warning:  require(/home/darkesp1/api.darkespyt.in/public/wp-blog-header.php): failed to open stream: No such file or directory in /home/darkesp1/api.darkespyt.in/public/index.php on line 46
[11-Jul-2023 08:11:58 UTC] PHP Fatal error:  require(): Failed opening required '/home/darkesp1/api.darkespyt.in/public/wp-blog-header.php' (include_path='.:/opt/cpanel/ea-php74/root/usr/share/pear') in /home/darkesp1/api.darkespyt.in/public/index.php on line 46
[11-Jul-2023 08:12:09 UTC] PHP Warning:  require(/home/darkesp1/api.darkespyt.in/public/wp-blog-header.php): failed to open stream: No such file or directory in /home/darkesp1/api.darkespyt.in/public/index.php on line 46
[11-Jul-2023 08:12:09 UTC] PHP Fatal error:  require(): Failed opening required '/home/darkesp1/api.darkespyt.in/public/wp-blog-header.php' (include_path='.:/opt/cpanel/ea-php74/root/usr/share/pear') in /home/darkesp1/api.darkespyt.in/public/index.php on line 46
[11-Jul-2023 08:12:10 UTC] PHP Warning:  require(/home/darkesp1/api.darkespyt.in/public/wp-blog-header.php): failed to open stream: No such file or directory in /home/darkesp1/api.darkespyt.in/public/index.php on line 46
[11-Jul-2023 08:12:10 UTC] PHP Fatal error:  require(): Failed opening required '/home/darkesp1/api.darkespyt.in/public/wp-blog-header.php' (include_path='.:/opt/cpanel/ea-php74/root/usr/share/pear') in /home/darkesp1/api.darkespyt.in/public/index.php on line 46
[11-Jul-2023 08:12:14 UTC] PHP Warning:  require(/home/darkesp1/api.darkespyt.in/public/wp-blog-header.php): failed to open stream: No such file or directory in /home/darkesp1/api.darkespyt.in/public/index.php on line 46
[11-Jul-2023 08:12:14 UTC] PHP Fatal error:  require(): Failed opening required '/home/darkesp1/api.darkespyt.in/public/wp-blog-header.php' (include_path='.:/opt/cpanel/ea-php74/root/usr/share/pear') in /home/darkesp1/api.darkespyt.in/public/index.php on line 46
[11-Jul-2023 08:12:16 UTC] PHP Warning:  require(/home/darkesp1/api.darkespyt.in/public/wp-blog-header.php): failed to open stream: No such file or directory in /home/darkesp1/api.darkespyt.in/public/index.php on line 46
[11-Jul-2023 08:12:16 UTC] PHP Fatal error:  require(): Failed opening required '/home/darkesp1/api.darkespyt.in/public/wp-blog-header.php' (include_path='.:/opt/cpanel/ea-php74/root/usr/share/pear') in /home/darkesp1/api.darkespyt.in/public/index.php on line 46
[11-Jul-2023 08:12:18 UTC] PHP Warning:  require(/home/darkesp1/api.darkespyt.in/public/wp-blog-header.php): failed to open stream: No such file or directory in /home/darkesp1/api.darkespyt.in/public/index.php on line 46
[11-Jul-2023 08:12:18 UTC] PHP Fatal error:  require(): Failed opening required '/home/darkesp1/api.darkespyt.in/public/wp-blog-header.php' (include_path='.:/opt/cpanel/ea-php74/root/usr/share/pear') in /home/darkesp1/api.darkespyt.in/public/index.php on line 46
[12-Jul-2023 06:41:21 UTC] PHP Warning:  require(/home/darkesp1/api.darkespyt.in/public/wp-blog-header.php): failed to open stream: No such file or directory in /home/darkesp1/api.darkespyt.in/public/index.php on line 46
[12-Jul-2023 06:41:21 UTC] PHP Fatal error:  require(): Failed opening required '/home/darkesp1/api.darkespyt.in/public/wp-blog-header.php' (include_path='.:/opt/cpanel/ea-php74/root/usr/share/pear') in /home/darkesp1/api.darkespyt.in/public/index.php on line 46
[12-Jul-2023 06:41:31 UTC] PHP Warning:  require(/home/darkesp1/api.darkespyt.in/public/wp-blog-header.php): failed to open stream: No such file or directory in /home/darkesp1/api.darkespyt.in/public/index.php on line 46
[12-Jul-2023 06:41:31 UTC] PHP Fatal error:  require(): Failed opening required '/home/darkesp1/api.darkespyt.in/public/wp-blog-header.php' (include_path='.:/opt/cpanel/ea-php74/root/usr/share/pear') in /home/darkesp1/api.darkespyt.in/public/index.php on line 46
[15-Jul-2023 07:51:47 UTC] PHP Warning:  require(/home/darkesp1/api.darkespyt.in/public/wp-blog-header.php): Failed to open stream: No such file or directory in /home/darkesp1/api.darkespyt.in/public/index.php on line 46
[15-Jul-2023 07:51:47 UTC] PHP Fatal error:  Uncaught Error: Failed opening required '/home/darkesp1/api.darkespyt.in/public/wp-blog-header.php' (include_path='.:/opt/alt/php80/usr/share/pear:/opt/alt/php80/usr/share/php:/usr/share/pear:/usr/share/php') in /home/darkesp1/api.darkespyt.in/public/index.php:46
Stack trace:
#0 {main}
  thrown in /home/darkesp1/api.darkespyt.in/public/index.php on line 46
[15-Jul-2023 08:13:51 UTC] PHP Warning:  require(/home/darkesp1/api.darkespyt.in/public/wp-blog-header.php): Failed to open stream: No such file or directory in /home/darkesp1/api.darkespyt.in/public/index.php on line 46
[15-Jul-2023 08:13:51 UTC] PHP Fatal error:  Uncaught Error: Failed opening required '/home/darkesp1/api.darkespyt.in/public/wp-blog-header.php' (include_path='.:/opt/alt/php80/usr/share/pear:/opt/alt/php80/usr/share/php:/usr/share/pear:/usr/share/php') in /home/darkesp1/api.darkespyt.in/public/index.php:46
Stack trace:
#0 {main}
  thrown in /home/darkesp1/api.darkespyt.in/public/index.php on line 46
[19-Jul-2023 05:51:16 UTC] PHP Warning:  require(/home/darkesp1/api.darkespyt.in/public/wp-blog-header.php): Failed to open stream: No such file or directory in /home/darkesp1/api.darkespyt.in/public/index.php on line 46
[19-Jul-2023 05:51:16 UTC] PHP Fatal error:  Uncaught Error: Failed opening required '/home/darkesp1/api.darkespyt.in/public/wp-blog-header.php' (include_path='.:/opt/alt/php80/usr/share/pear:/opt/alt/php80/usr/share/php:/usr/share/pear:/usr/share/php') in /home/darkesp1/api.darkespyt.in/public/index.php:46
Stack trace:
#0 {main}
  thrown in /home/darkesp1/api.darkespyt.in/public/index.php on line 46
[19-Jul-2023 05:51:18 UTC] PHP Warning:  require(/home/darkesp1/api.darkespyt.in/public/wp-blog-header.php): Failed to open stream: No such file or directory in /home/darkesp1/api.darkespyt.in/public/index.php on line 46
[19-Jul-2023 05:51:18 UTC] PHP Fatal error:  Uncaught Error: Failed opening required '/home/darkesp1/api.darkespyt.in/public/wp-blog-header.php' (include_path='.:/opt/alt/php80/usr/share/pear:/opt/alt/php80/usr/share/php:/usr/share/pear:/usr/share/php') in /home/darkesp1/api.darkespyt.in/public/index.php:46
Stack trace:
#0 {main}
  thrown in /home/darkesp1/api.darkespyt.in/public/index.php on line 46
[19-Jul-2023 05:51:19 UTC] PHP Warning:  require(/home/darkesp1/api.darkespyt.in/public/wp-blog-header.php): Failed to open stream: No such file or directory in /home/darkesp1/api.darkespyt.in/public/index.php on line 46
[19-Jul-2023 05:51:19 UTC] PHP Fatal error:  Uncaught Error: Failed opening required '/home/darkesp1/api.darkespyt.in/public/wp-blog-header.php' (include_path='.:/opt/alt/php80/usr/share/pear:/opt/alt/php80/usr/share/php:/usr/share/pear:/usr/share/php') in /home/darkesp1/api.darkespyt.in/public/index.php:46
Stack trace:
#0 {main}
  thrown in /home/darkesp1/api.darkespyt.in/public/index.php on line 46
[19-Jul-2023 05:51:22 UTC] PHP Warning:  require(/home/darkesp1/api.darkespyt.in/public/wp-blog-header.php): Failed to open stream: No such file or directory in /home/darkesp1/api.darkespyt.in/public/index.php on line 46
[19-Jul-2023 05:51:22 UTC] PHP Fatal error:  Uncaught Error: Failed opening required '/home/darkesp1/api.darkespyt.in/public/wp-blog-header.php' (include_path='.:/opt/alt/php80/usr/share/pear:/opt/alt/php80/usr/share/php:/usr/share/pear:/usr/share/php') in /home/darkesp1/api.darkespyt.in/public/index.php:46
Stack trace:
#0 {main}
  thrown in /home/darkesp1/api.darkespyt.in/public/index.php on line 46
[19-Jul-2023 05:51:23 UTC] PHP Warning:  require(/home/darkesp1/api.darkespyt.in/public/wp-blog-header.php): Failed to open stream: No such file or directory in /home/darkesp1/api.darkespyt.in/public/index.php on line 46
[19-Jul-2023 05:51:23 UTC] PHP Fatal error:  Uncaught Error: Failed opening required '/home/darkesp1/api.darkespyt.in/public/wp-blog-header.php' (include_path='.:/opt/alt/php80/usr/share/pear:/opt/alt/php80/usr/share/php:/usr/share/pear:/usr/share/php') in /home/darkesp1/api.darkespyt.in/public/index.php:46
Stack trace:
#0 {main}
  thrown in /home/darkesp1/api.darkespyt.in/public/index.php on line 46
[19-Jul-2023 05:51:24 UTC] PHP Warning:  require(/home/darkesp1/api.darkespyt.in/public/wp-blog-header.php): Failed to open stream: No such file or directory in /home/darkesp1/api.darkespyt.in/public/index.php on line 46
[19-Jul-2023 05:51:24 UTC] PHP Fatal error:  Uncaught Error: Failed opening required '/home/darkesp1/api.darkespyt.in/public/wp-blog-header.php' (include_path='.:/opt/alt/php80/usr/share/pear:/opt/alt/php80/usr/share/php:/usr/share/pear:/usr/share/php') in /home/darkesp1/api.darkespyt.in/public/index.php:46
Stack trace:
#0 {main}
  thrown in /home/darkesp1/api.darkespyt.in/public/index.php on line 46
[19-Jul-2023 05:51:26 UTC] PHP Warning:  require(/home/darkesp1/api.darkespyt.in/public/wp-blog-header.php): Failed to open stream: No such file or directory in /home/darkesp1/api.darkespyt.in/public/index.php on line 46
[19-Jul-2023 05:51:26 UTC] PHP Fatal error:  Uncaught Error: Failed opening required '/home/darkesp1/api.darkespyt.in/public/wp-blog-header.php' (include_path='.:/opt/alt/php80/usr/share/pear:/opt/alt/php80/usr/share/php:/usr/share/pear:/usr/share/php') in /home/darkesp1/api.darkespyt.in/public/index.php:46
Stack trace:
#0 {main}
  thrown in /home/darkesp1/api.darkespyt.in/public/index.php on line 46
[19-Jul-2023 05:51:36 UTC] PHP Warning:  require(/home/darkesp1/api.darkespyt.in/public/wp-blog-header.php): Failed to open stream: No such file or directory in /home/darkesp1/api.darkespyt.in/public/index.php on line 46
[19-Jul-2023 05:51:36 UTC] PHP Fatal error:  Uncaught Error: Failed opening required '/home/darkesp1/api.darkespyt.in/public/wp-blog-header.php' (include_path='.:/opt/alt/php80/usr/share/pear:/opt/alt/php80/usr/share/php:/usr/share/pear:/usr/share/php') in /home/darkesp1/api.darkespyt.in/public/index.php:46
Stack trace:
#0 {main}
  thrown in /home/darkesp1/api.darkespyt.in/public/index.php on line 46
[19-Jul-2023 05:51:39 UTC] PHP Warning:  require(/home/darkesp1/api.darkespyt.in/public/wp-blog-header.php): Failed to open stream: No such file or directory in /home/darkesp1/api.darkespyt.in/public/index.php on line 46
[19-Jul-2023 05:51:39 UTC] PHP Fatal error:  Uncaught Error: Failed opening required '/home/darkesp1/api.darkespyt.in/public/wp-blog-header.php' (include_path='.:/opt/alt/php80/usr/share/pear:/opt/alt/php80/usr/share/php:/usr/share/pear:/usr/share/php') in /home/darkesp1/api.darkespyt.in/public/index.php:46
Stack trace:
#0 {main}
  thrown in /home/darkesp1/api.darkespyt.in/public/index.php on line 46
[21-Jul-2023 02:51:05 UTC] PHP Warning:  require(/home/darkesp1/api.darkespyt.in/public/wp-blog-header.php): Failed to open stream: No such file or directory in /home/darkesp1/api.darkespyt.in/public/index.php on line 46
[21-Jul-2023 02:51:05 UTC] PHP Fatal error:  Uncaught Error: Failed opening required '/home/darkesp1/api.darkespyt.in/public/wp-blog-header.php' (include_path='.:/opt/alt/php80/usr/share/pear:/opt/alt/php80/usr/share/php:/usr/share/pear:/usr/share/php') in /home/darkesp1/api.darkespyt.in/public/index.php:46
Stack trace:
#0 {main}
  thrown in /home/darkesp1/api.darkespyt.in/public/index.php on line 46
[21-Jul-2023 02:51:11 UTC] PHP Warning:  require(/home/darkesp1/api.darkespyt.in/public/wp-blog-header.php): Failed to open stream: No such file or directory in /home/darkesp1/api.darkespyt.in/public/index.php on line 46
[21-Jul-2023 02:51:11 UTC] PHP Fatal error:  Uncaught Error: Failed opening required '/home/darkesp1/api.darkespyt.in/public/wp-blog-header.php' (include_path='.:/opt/alt/php80/usr/share/pear:/opt/alt/php80/usr/share/php:/usr/share/pear:/usr/share/php') in /home/darkesp1/api.darkespyt.in/public/index.php:46
Stack trace:
#0 {main}
  thrown in /home/darkesp1/api.darkespyt.in/public/index.php on line 46
[21-Jul-2023 02:51:48 UTC] PHP Warning:  require(/home/darkesp1/api.darkespyt.in/public/wp-blog-header.php): Failed to open stream: No such file or directory in /home/darkesp1/api.darkespyt.in/public/index.php on line 46
[21-Jul-2023 02:51:48 UTC] PHP Fatal error:  Uncaught Error: Failed opening required '/home/darkesp1/api.darkespyt.in/public/wp-blog-header.php' (include_path='.:/opt/alt/php80/usr/share/pear:/opt/alt/php80/usr/share/php:/usr/share/pear:/usr/share/php') in /home/darkesp1/api.darkespyt.in/public/index.php:46
Stack trace:
#0 {main}
  thrown in /home/darkesp1/api.darkespyt.in/public/index.php on line 46
[06-Nov-2023 09:07:17 UTC] PHP Warning:  require(/home/modvipxy/bablu.modvip.xyz/public/wp-blog-header.php): failed to open stream: No such file or directory in /home/modvipxy/bablu.modvip.xyz/public/index.php on line 46
[06-Nov-2023 09:07:17 UTC] PHP Fatal error:  require(): Failed opening required '/home/modvipxy/bablu.modvip.xyz/public/wp-blog-header.php' (include_path='.:/opt/alt/php74/usr/share/pear') in /home/modvipxy/bablu.modvip.xyz/public/index.php on line 46
